#! /usr/bin/vvp
:ivl_version "0.9.5 " "(v0_9_5)";
:vpi_time_precision - 8;
:vpi_module "system";
:vpi_module "v2005_math";
:vpi_module "va_math";
S_0x1312080 .scope module, "cpu_tb" "cpu_tb" 2 10;
 .timescale -8 -8;
v0x13de0f0_0 .var "clk", 0 0;
v0x13c8c20_0 .net "hlt", 0 0, L_0x13deac0; 1 drivers
v0x13c8ca0_0 .var "rst_n", 0 0;
S_0x12c5040 .scope module, "DUT" "cpu" 2 15, 3 1, S_0x1312080;
 .timescale -8 -8;
P_0x138b158 .param/l "addzOp" 3 158, C4<0001>;
L_0x13de640 .functor OR 1, L_0x13ea580, L_0x13f9020, C4<0>, C4<0>;
L_0x13deac0 .functor BUFZ 1, L_0x13df6c0, C4<0>, C4<0>, C4<0>;
L_0x13ded40 .functor NOT 1, L_0x13f9020, C4<0>, C4<0>, C4<0>;
L_0x13deda0 .functor AND 1, L_0x13ded40, v0x13c8ca0_0, C4<1>, C4<1>;
L_0x13df060 .functor OR 1, L_0x1402d50, L_0x13df6c0, C4<0>, C4<0>;
L_0x13c8540 .functor OR 1, L_0x1402e00, v0x13c8eb0_0, C4<0>, C4<0>;
L_0x13fa0b0 .functor NOT 1, v0x13c0d10_0, C4<0>, C4<0>, C4<0>;
L_0x13f6450 .functor AND 1, L_0x13f9f70, L_0x13fa0b0, C4<1>, C4<1>;
L_0x13dcd10 .functor OR 1, C4<0>, v0x13bafe0_0, C4<0>, C4<0>;
L_0x13dba10 .functor BUFZ 16, v0x13bab30_0, C4<0000000000000000>, C4<0000000000000000>, C4<0000000000000000>;
L_0x13fc690 .functor OR 1, C4<0>, v0x13b9200_0, C4<0>, C4<0>;
v0x13da710_0 .net "N_EX", 0 0, v0x13c0be0_0; 1 drivers
v0x13da790_0 .net "V_EX", 0 0, v0x13c0c60_0; 1 drivers
v0x13da810_0 .net "Z_EX", 0 0, v0x13c0d10_0; 1 drivers
v0x13da890_0 .net *"_s12", 0 0, L_0x13ded40; 1 drivers
v0x13da910_0 .net *"_s14", 0 0, L_0x13deda0; 1 drivers
v0x13da990_0 .net *"_s16", 0 0, C4<1>; 1 drivers
v0x13daa10_0 .net *"_s18", 0 0, C4<0>; 1 drivers
v0x13daa90_0 .net *"_s2", 15 0, C4<xxxxxxxxxxxxxxxx>; 1 drivers
v0x13dab60_0 .net *"_s27", 3 0, L_0x13fa8a0; 1 drivers
v0x13dac00_0 .net *"_s28", 4 0, L_0x13fa940; 1 drivers
v0x13dad00_0 .net *"_s31", 0 0, C4<0>; 1 drivers
v0x13dada0_0 .net *"_s32", 4 0, C4<00001>; 1 drivers
v0x13dae40_0 .net *"_s34", 0 0, L_0x13f9f70; 1 drivers
v0x13daee0_0 .net *"_s36", 0 0, L_0x13fa0b0; 1 drivers
v0x13db000_0 .net *"_s38", 0 0, L_0x13f6450; 1 drivers
v0x13db0a0_0 .net *"_s4", 15 0, L_0x13de7c0; 1 drivers
v0x13daf60_0 .net *"_s40", 0 0, C4<0>; 1 drivers
v0x13db1f0_0 .net "addr_mem_MEM", 15 0, L_0x13dba10; 1 drivers
v0x13db120_0 .net "alt_pc_IF", 15 0, L_0x13de860; 1 drivers
v0x13db360_0 .net "alt_pc_ctrl_IF", 0 0, L_0x13de640; 1 drivers
v0x13db490_0 .net "alu_result_EX_MEM_WB", 15 0, L_0x13f4480; 1 drivers
v0x13db510_0 .net "alu_result_MEM_WB", 15 0, v0x13bab30_0; 1 drivers
v0x13db3e0_0 .net "alu_result_WB", 15 0, v0x13b8e60_0; 1 drivers
v0x13db650_0 .net "b_ctrl_EX_MEM", 0 0, L_0x13f9020; 1 drivers
v0x13db590_0 .net "b_ctrl_MEM", 0 0, v0x13bac80_0; 1 drivers
v0x13db7a0_0 .net "b_pc_EX", 15 0, L_0x13f5c30; 1 drivers
v0x13db720_0 .net "clk", 0 0, v0x13de0f0_0; 1 drivers
v0x13db900_0 .net "dst_addr_EX_MEM_WB", 3 0, v0x13ba2e0_0; 1 drivers
v0x13db870_0 .net "dst_addr_ID_EX_MEM_WB", 3 0, L_0x13dfc30; 1 drivers
v0x13dba70_0 .net "dst_addr_MEM_WB", 3 0, v0x13bae40_0; 1 drivers
v0x13dbbf0_0 .net "dst_addr_WB", 3 0, v0x13b90b0_0; 1 drivers
v0x13dbc70_0 .net "forwardA", 1 0, L_0x13fcf10; 1 drivers
v0x13dbaf0_0 .net "forwardB", 1 0, L_0x13fe050; 1 drivers
v0x13dbb70_0 .net "func_EX", 2 0, v0x13c8db0_0; 1 drivers
v0x13dbe10_0 .net "func_ID_EX", 2 0, L_0x13e6130; 1 drivers
v0x13dbe90_0 .alias "hlt", 0 0, v0x13c8c20_0;
v0x13dbcf0_0 .net "hlt_EX_MEM_WB", 0 0, v0x13c8eb0_0; 1 drivers
v0x13dbd70_0 .net "hlt_ID_EX_MEM_WB", 0 0, L_0x13df6c0; 1 drivers
v0x13dc050_0 .net "hlt_MEM_WB", 0 0, v0x13bafe0_0; 1 drivers
v0x13dc0d0_0 .net "hlt_WB", 0 0, v0x13b9200_0; 1 drivers
v0x13dbf10_0 .net "imm8_EX", 7 0, v0x13c8fb0_0; 1 drivers
v0x13dbf90_0 .net "imm8_ID_EX", 7 0, L_0x13e2680; 1 drivers
v0x13dc2b0_0 .net "instr_EX", 15 0, v0x13c9100_0; 1 drivers
v0x13dc330_0 .net "instr_ID_EX", 15 0, v0x13d9110_0; 1 drivers
v0x13dc150_0 .net "instr_IF_ID_EX", 15 0, v0x13da0b0_0; 1 drivers
v0x13dc1d0_0 .net "j_ctrl_ID", 0 0, L_0x13ea580; 1 drivers
v0x13dc530_0 .net "j_pc_ID", 15 0, L_0x13ebb80; 1 drivers
v0x13dc5b0_0 .net "ldata_MEM_WB", 15 0, v0x13b9fa0_0; 1 drivers
v0x13dc3b0_0 .net "ldata_WB", 15 0, v0x13b9350_0; 1 drivers
v0x13dc480_0 .net "p0_EX", 15 0, v0x13c9b10_0; 1 drivers
v0x13dc7d0_0 .net "p0_ID_EX", 15 0, v0x13caef0_0; 1 drivers
v0x13dc850_0 .net "p1_EX", 15 0, v0x13c9c70_0; 1 drivers
v0x13dc680_0 .net "p1_ID_EX", 15 0, v0x13cb040_0; 1 drivers
v0x13dc700_0 .net "pc", 0 0, L_0x13de990; 1 drivers
v0x13dca90_0 .net "pc_EX", 15 0, v0x13c9de0_0; 1 drivers
v0x13dcb10_0 .net "pc_ID_EX", 15 0, v0x13d9310_0; 1 drivers
v0x13dc960_0 .net "pc_IF_ID_EX", 15 0, L_0x13dac80; 1 drivers
v0x13dc9e0_0 .net "re_mem_EX_MEM", 0 0, v0x13c9f60_0; 1 drivers
v0x13dcd70_0 .net "re_mem_ID_EX_MEM", 0 0, L_0x13e8300; 1 drivers
v0x13dcdf0_0 .net "re_mem_MEM", 0 0, v0x13bb7c0_0; 1 drivers
v0x13dcb90_0 .net "rst_n", 0 0, v0x13c8ca0_0; 1 drivers
v0x13dcc10_0 .net "rst_n_IF_ID", 0 0, L_0x13dee80; 1 drivers
v0x13dcc90_0 .net "sdata_EX_MEM", 15 0, L_0x13edf00; 1 drivers
v0x13dd070_0 .net "sdata_MEM", 15 0, v0x13bbb70_0; 1 drivers
v0x13dce70_0 .net "shamt_EX", 3 0, v0x13ca100_0; 1 drivers
v0x13dcef0_0 .net "shamt_ID_EX", 3 0, L_0x13e27c0; 1 drivers
v0x13dcf70_0 .net "src1sel_EX", 0 0, v0x13c9fe0_0; 1 drivers
v0x13dcff0_0 .net "src1sel_ID_EX", 0 0, L_0x13e7a00; 1 drivers
v0x13dd320_0 .net "stall_EX_MEM", 0 0, C4<0>; 1 drivers
v0x13dd3a0_0 .net "stall_ID_EX", 0 0, L_0x1402e00; 1 drivers
v0x13dd0f0_0 .net "stall_IF_ID", 0 0, L_0x1402d50; 1 drivers
v0x13dd170_0 .net "stall_MEM_WB", 0 0, C4<0>; 1 drivers
v0x13dd1f0_0 .net "stall_or_hlt_EX_MEM", 0 0, L_0x13dcd10; 1 drivers
v0x13dd270_0 .net "stall_or_hlt_ID_EX", 0 0, L_0x13c8540; 1 drivers
v0x13dd680_0 .net "stall_or_hlt_IF_ID", 0 0, L_0x13df060; 1 drivers
v0x13dd700_0 .net "stall_or_hlt_MEM_WB", 0 0, L_0x13fc690; 1 drivers
v0x13dd420_0 .net "wb_data_WB", 15 0, L_0x13fc800; 1 drivers
v0x13dd530_0 .net "wb_sel_EX_MEM_WB", 0 0, v0x13ca2a0_0; 1 drivers
v0x13dd5b0_0 .net "wb_sel_ID_EX_MEM_WB", 0 0, L_0x13e8f00; 1 drivers
v0x13dda00_0 .net "wb_sel_MEM_WB", 0 0, v0x13bbbf0_0; 1 drivers
v0x13dd780_0 .net "wb_sel_WB", 0 0, v0x13b9a00_0; 1 drivers
v0x13dd850_0 .net "we_mem_EX_MEM", 0 0, v0x13ca580_0; 1 drivers
v0x13dd920_0 .net "we_mem_ID_EX_MEM", 0 0, L_0x13e9150; 1 drivers
v0x13ddd20_0 .net "we_mem_MEM", 0 0, v0x13bbeb0_0; 1 drivers
v0x13dda80_0 .net "we_rf_EX_MEM_WB", 0 0, v0x13ca430_0; 1 drivers
v0x13ddb00_0 .net "we_rf_EX_MEM_WB_mux", 0 0, L_0x13fa310; 1 drivers
v0x13ddb80_0 .net "we_rf_ID_EX_MEM_WB", 0 0, L_0x13e6920; 1 drivers
v0x13ddc00_0 .net "we_rf_MEM_WB", 0 0, v0x13bbd80_0; 1 drivers
v0x13de070_0 .net "we_rf_WB", 0 0, v0x13b9960_0; 1 drivers
L_0x13de7c0 .functor MUXZ 16, C4<xxxxxxxxxxxxxxxx>, L_0x13f5c30, L_0x13f9020, C4<>;
L_0x13de860 .functor MUXZ 16, L_0x13de7c0, L_0x13ebb80, L_0x13ea580, C4<>;
L_0x13de990 .part L_0x13dac80, 0, 1;
L_0x13dee80 .functor MUXZ 1, C4<0>, C4<1>, L_0x13deda0, C4<>;
L_0x13fa8a0 .part v0x13c9100_0, 12, 4;
L_0x13fa940 .concat [ 4 1 0 0], L_0x13fa8a0, C4<0>;
L_0x13f9f70 .cmp/eq 5, L_0x13fa940, C4<00001>;
L_0x13fa310 .functor MUXZ 1, v0x13ca430_0, C4<0>, L_0x13f6450, C4<>;
L_0x13fe1e0 .part v0x13c9100_0, 4, 4;
L_0x13fe280 .part v0x13c9100_0, 0, 4;
S_0x13d95a0 .scope module, "instruction_fetch" "IF" 3 16, 4 4, S_0x12c5040;
 .timescale -8 -8;
L_0x13dac80 .functor BUFZ 16, v0x13d9ba0_0, C4<0000000000000000>, C4<0000000000000000>, C4<0000000000000000>;
v0x13da230_0 .alias "alt_pc", 15 0, v0x13db120_0;
v0x13da2b0_0 .alias "alt_pc_ctrl", 0 0, v0x13db360_0;
v0x13da330_0 .alias "clk", 0 0, v0x13db720_0;
v0x13da3b0_0 .alias "hlt", 0 0, v0x13dbd70_0;
v0x13da4c0_0 .net "iaddr", 15 0, v0x13d9ba0_0; 1 drivers
v0x13da540_0 .alias "instr", 15 0, v0x13dc150_0;
v0x13da5c0_0 .alias "pc", 15 0, v0x13dc960_0;
v0x13da640_0 .alias "rst_n", 0 0, v0x13dcb90_0;
S_0x13d9ec0 .scope module, "instr_mem" "IM" 4 14, 5 1, S_0x13d95a0;
 .timescale -8 -8;
v0x13d9fb0_0 .alias "addr", 15 0, v0x13da4c0_0;
v0x13da030_0 .alias "clk", 0 0, v0x13db720_0;
v0x13da0b0_0 .var "instr", 15 0;
v0x13da130 .array "instr_mem", 65535 0, 15 0;
v0x13da1b0_0 .net "rd_en", 0 0, C4<1>; 1 drivers
E_0x13d4830 .event edge, v0x13b4db0_0, v0x13da1b0_0, v0x13d9ba0_0;
S_0x13d9690 .scope module, "program_counter" "PC" 4 23, 6 3, S_0x13d95a0;
 .timescale -8 -8;
v0x13d9780_0 .net *"_s0", 15 0, C4<0000000000000001>; 1 drivers
v0x13d9840_0 .net *"_s2", 15 0, L_0x13de380; 1 drivers
v0x13d98e0_0 .net *"_s4", 15 0, L_0x13de420; 1 drivers
v0x13d9980_0 .alias "alt_pc", 15 0, v0x13db120_0;
v0x13d9a00_0 .alias "alt_pc_ctrl", 0 0, v0x13db360_0;
v0x13d9aa0_0 .alias "clk", 0 0, v0x13db720_0;
v0x13d9b20_0 .alias "hlt", 0 0, v0x13dbd70_0;
v0x13d9ba0_0 .var "iaddr", 15 0;
v0x13d9c90_0 .net "next_iaddr", 15 0, L_0x13de4c0; 1 drivers
v0x13d9d30_0 .alias "rst_n", 0 0, v0x13dcb90_0;
L_0x13de380 .arith/sum 16, v0x13d9ba0_0, C4<0000000000000001>;
L_0x13de420 .functor MUXZ 16, L_0x13de380, L_0x13de860, L_0x13de640, C4<>;
L_0x13de4c0 .functor MUXZ 16, L_0x13de420, v0x13d9ba0_0, L_0x13df6c0, C4<>;
S_0x13d9020 .scope module, "IF_ID" "IF_ID_FF" 3 42, 7 1, S_0x12c5040;
 .timescale -8 -8;
v0x13d8be0_0 .alias "clk", 0 0, v0x13db720_0;
v0x13d9110_0 .var "instr_ID", 15 0;
v0x13d9190_0 .alias "instr_IF", 15 0, v0x13dc150_0;
v0x13d9210_0 .net "next_instr", 15 0, L_0x13deb20; 1 drivers
v0x13d9290_0 .net "next_pc", 15 0, L_0x13deca0; 1 drivers
v0x13d9310_0 .var "pc_ID", 15 0;
v0x13d9390_0 .alias "pc_IF", 15 0, v0x13dc960_0;
v0x13d9410_0 .alias "rst_n", 0 0, v0x13dcc10_0;
v0x13d9500_0 .alias "stall", 0 0, v0x13dd680_0;
E_0x13d48e0/0 .event negedge, v0x13d9410_0;
E_0x13d48e0/1 .event posedge, v0x13b4db0_0;
E_0x13d48e0 .event/or E_0x13d48e0/0, E_0x13d48e0/1;
L_0x13deb20 .functor MUXZ 16, v0x13da0b0_0, v0x13d9110_0, L_0x13df060, C4<>;
L_0x13deca0 .functor MUXZ 16, L_0x13dac80, v0x13d9310_0, L_0x13df060, C4<>;
S_0x13ca7f0 .scope module, "instruction_decode" "ID" 3 74, 8 4, S_0x12c5040;
 .timescale -8 -8;
P_0x13c7868 .param/l "jalOp" 8 50, C4<1101>;
P_0x13c7890 .param/l "jrOp" 8 51, C4<1110>;
L_0x13ea580 .functor OR 1, L_0x13e9930, L_0x13ea400, C4<0>, C4<0>;
v0x13d50f0_0 .net *"_s1", 3 0, L_0x13e9530; 1 drivers
v0x13d5170_0 .net *"_s100", 31 0, L_0x13ebe70; 1 drivers
v0x13d51f0_0 .net *"_s105", 3 0, L_0x13ec190; 1 drivers
v0x13d5270_0 .net *"_s106", 4 0, L_0x13ec040; 1 drivers
v0x13d52f0_0 .net *"_s109", 0 0, C4<0>; 1 drivers
v0x13d5370_0 .net *"_s11", 3 0, L_0x13e9a70; 1 drivers
v0x13d53f0_0 .net *"_s110", 4 0, C4<01101>; 1 drivers
v0x13d5470_0 .net *"_s112", 0 0, L_0x13ec4c0; 1 drivers
v0x13d54f0_0 .net *"_s114", 3 0, C4<1111>; 1 drivers
v0x13d5570_0 .net *"_s119", 3 0, L_0x13ec8a0; 1 drivers
v0x13d5650_0 .net *"_s12", 4 0, L_0x13e9b10; 1 drivers
v0x13d56d0_0 .net *"_s120", 4 0, L_0x13ec600; 1 drivers
v0x13d57c0_0 .net *"_s123", 0 0, C4<0>; 1 drivers
v0x13d5860_0 .net *"_s124", 4 0, C4<01101>; 1 drivers
v0x13d5980_0 .net *"_s126", 0 0, L_0x13eca10; 1 drivers
v0x13d5a20_0 .net *"_s128", 0 0, C4<1>; 1 drivers
v0x13d58e0_0 .net *"_s15", 0 0, C4<0>; 1 drivers
v0x13d5b70_0 .net *"_s16", 4 0, C4<01110>; 1 drivers
v0x13d5c90_0 .net *"_s18", 0 0, L_0x13ea400; 1 drivers
v0x13d5d10_0 .net *"_s2", 4 0, L_0x13e95d0; 1 drivers
v0x13d5bf0_0 .net *"_s23", 3 0, L_0x13e9d00; 1 drivers
v0x13d5e40_0 .net *"_s24", 4 0, L_0x13e9da0; 1 drivers
v0x13d5d90_0 .net *"_s27", 0 0, C4<0>; 1 drivers
v0x13d5f80_0 .net *"_s28", 4 0, C4<01101>; 1 drivers
v0x13d5ee0_0 .net *"_s30", 0 0, L_0x13e9f70; 1 drivers
v0x13d60d0_0 .net *"_s32", 31 0, L_0x13ea0a0; 1 drivers
v0x13d6020_0 .net *"_s35", 15 0, C4<0000000000000000>; 1 drivers
v0x13d6230_0 .net *"_s36", 31 0, C4<00000000000000000000000000000001>; 1 drivers
v0x13d6170_0 .net *"_s38", 31 0, L_0x13ea220; 1 drivers
v0x13d63a0_0 .net *"_s41", 11 0, L_0x13eae00; 1 drivers
v0x13d62b0_0 .net *"_s42", 31 0, L_0x13eaea0; 1 drivers
v0x13d6520_0 .net *"_s45", 19 0, C4<00000000000000000000>; 1 drivers
v0x13d6420_0 .net *"_s46", 31 0, L_0x13eaa20; 1 drivers
v0x13d66b0_0 .net *"_s49", 3 0, L_0x13eac50; 1 drivers
v0x13d65a0_0 .net *"_s5", 0 0, C4<0>; 1 drivers
v0x13d6850_0 .net *"_s50", 4 0, L_0x13eacf0; 1 drivers
v0x13d6730_0 .net *"_s53", 0 0, C4<0>; 1 drivers
v0x13d67d0_0 .net *"_s54", 4 0, C4<01110>; 1 drivers
v0x13d6a10_0 .net *"_s56", 0 0, L_0x13eafe0; 1 drivers
v0x13d6a90_0 .net *"_s58", 17 0, L_0x13eb120; 1 drivers
v0x13d68d0_0 .net *"_s6", 4 0, C4<01101>; 1 drivers
v0x13d6970_0 .net *"_s61", 1 0, C4<00>; 1 drivers
v0x13d6c70_0 .net *"_s62", 17 0, C4<00xxxxxxxxxxxxxxxx>; 1 drivers
v0x13d6cf0_0 .net *"_s64", 17 0, L_0x13eb8f0; 1 drivers
v0x13d6b10_0 .net *"_s66", 31 0, L_0x13eb250; 1 drivers
v0x13d6bb0_0 .net *"_s69", 13 0, C4<00000000000000>; 1 drivers
v0x13d6ef0_0 .net *"_s70", 31 0, L_0x13eb990; 1 drivers
v0x13d6f70_0 .net *"_s75", 3 0, L_0x13eba30; 1 drivers
v0x13d6d90_0 .net *"_s76", 4 0, L_0x13ebd30; 1 drivers
v0x13d6e30_0 .net *"_s79", 0 0, C4<0>; 1 drivers
v0x13d7190_0 .net *"_s8", 0 0, L_0x13e9930; 1 drivers
v0x13d7210_0 .net *"_s80", 4 0, C4<01101>; 1 drivers
v0x13d7010_0 .net *"_s82", 0 0, L_0x13eb530; 1 drivers
v0x13d70b0_0 .net *"_s84", 31 0, L_0x13eb620; 1 drivers
v0x13d7450_0 .net *"_s87", 15 0, C4<0000000000000000>; 1 drivers
v0x13d74d0_0 .net *"_s88", 31 0, C4<00000000000000000000000000000001>; 1 drivers
v0x13d7290_0 .net *"_s90", 31 0, L_0x13eb7e0; 1 drivers
v0x13d7330_0 .net *"_s92", 16 0, L_0x13ec2f0; 1 drivers
v0x13d73d0_0 .net *"_s95", 0 0, C4<0>; 1 drivers
v0x13d7750_0 .net *"_s96", 31 0, L_0x13ebfa0; 1 drivers
v0x13d7570_0 .net *"_s99", 14 0, C4<000000000000000>; 1 drivers
v0x13d7610_0 .alias "clk", 0 0, v0x13db720_0;
v0x13d7690_0 .net "dst_addr", 3 0, L_0x13ec760; 1 drivers
v0x13d79d0_0 .alias "dst_addr_WB", 3 0, v0x13dbbf0_0;
v0x13d7860_0 .alias "dst_addr_new", 3 0, v0x13db870_0;
v0x13d78e0_0 .net "dst_data", 15 0, L_0x13ec3e0; 1 drivers
v0x13d7c70_0 .alias "dst_data_WB", 15 0, v0x13dd420_0;
v0x13d7cf0_0 .alias "func", 2 0, v0x13dbe10_0;
v0x13d7a50_0 .alias "hlt", 0 0, v0x13dbd70_0;
v0x13d7ad0_0 .alias "hlt_WB", 0 0, v0x13dc0d0_0;
v0x13d7ba0_0 .alias "imm8", 7 0, v0x13dbf90_0;
v0x13d7fb0_0 .alias "instr", 15 0, v0x13dc330_0;
v0x13d7e00_0 .alias "j_ctrl", 0 0, v0x13dc1d0_0;
v0x13d7ea0_0 .alias "j_pc", 15 0, v0x13dc530_0;
v0x13d8290_0 .alias "p0", 15 0, v0x13dc7d0_0;
v0x13d8310_0 .net "p0_addr", 3 0, L_0x13e1820; 1 drivers
v0x13d8030_0 .alias "p1", 15 0, v0x13dc680_0;
v0x13d8100_0 .net "p1_addr", 3 0, L_0x13e02c0; 1 drivers
v0x13d81d0_0 .alias "pc", 15 0, v0x13dcb10_0;
v0x13d8660_0 .net "re0", 0 0, L_0x13e6f00; 1 drivers
v0x13d83e0_0 .net "re1", 0 0, L_0x13e72e0; 1 drivers
v0x13d84b0_0 .alias "re_mem", 0 0, v0x13dcd70_0;
v0x13d8580_0 .alias "rst_n", 0 0, v0x13dcb90_0;
v0x13d8980_0 .alias "shamt", 3 0, v0x13dcef0_0;
v0x13d8730_0 .alias "src1sel", 0 0, v0x13dcff0_0;
v0x13d8800_0 .alias "wb_sel", 0 0, v0x13dd5b0_0;
v0x13d88d0_0 .net "we", 0 0, L_0x13eccd0; 1 drivers
v0x13d8cc0_0 .alias "we_WB", 0 0, v0x13de070_0;
v0x13d8a90_0 .alias "we_mem", 0 0, v0x13dd920_0;
v0x13d8b10_0 .alias "we_rf", 0 0, v0x13ddb80_0;
L_0x13e9530 .part v0x13d9110_0, 12, 4;
L_0x13e95d0 .concat [ 4 1 0 0], L_0x13e9530, C4<0>;
L_0x13e9930 .cmp/eq 5, L_0x13e95d0, C4<01101>;
L_0x13e9a70 .part v0x13d9110_0, 12, 4;
L_0x13e9b10 .concat [ 4 1 0 0], L_0x13e9a70, C4<0>;
L_0x13ea400 .cmp/eq 5, L_0x13e9b10, C4<01110>;
L_0x13e9d00 .part v0x13d9110_0, 12, 4;
L_0x13e9da0 .concat [ 4 1 0 0], L_0x13e9d00, C4<0>;
L_0x13e9f70 .cmp/eq 5, L_0x13e9da0, C4<01101>;
L_0x13ea0a0 .concat [ 16 16 0 0], v0x13d9310_0, C4<0000000000000000>;
L_0x13ea220 .arith/sum 32, L_0x13ea0a0, C4<00000000000000000000000000000001>;
L_0x13eae00 .part v0x13d9110_0, 0, 12;
L_0x13eaea0 .concat [ 12 20 0 0], L_0x13eae00, C4<00000000000000000000>;
L_0x13eaa20 .arith/sum 32, L_0x13ea220, L_0x13eaea0;
L_0x13eac50 .part v0x13d9110_0, 12, 4;
L_0x13eacf0 .concat [ 4 1 0 0], L_0x13eac50, C4<0>;
L_0x13eafe0 .cmp/eq 5, L_0x13eacf0, C4<01110>;
L_0x13eb120 .concat [ 16 2 0 0], v0x13caef0_0, C4<00>;
L_0x13eb8f0 .functor MUXZ 18, C4<00xxxxxxxxxxxxxxxx>, L_0x13eb120, L_0x13eafe0, C4<>;
L_0x13eb990 .concat [ 18 14 0 0], L_0x13eb8f0, C4<00000000000000>;
L_0x13eb250 .functor MUXZ 32, L_0x13eb990, L_0x13eaa20, L_0x13e9f70, C4<>;
L_0x13ebb80 .part L_0x13eb250, 0, 16;
L_0x13eba30 .part v0x13d9110_0, 12, 4;
L_0x13ebd30 .concat [ 4 1 0 0], L_0x13eba30, C4<0>;
L_0x13eb530 .cmp/eq 5, L_0x13ebd30, C4<01101>;
L_0x13eb620 .concat [ 16 16 0 0], v0x13d9310_0, C4<0000000000000000>;
L_0x13eb7e0 .arith/sum 32, L_0x13eb620, C4<00000000000000000000000000000001>;
L_0x13ec2f0 .concat [ 16 1 0 0], L_0x13fc800, C4<0>;
L_0x13ebe70 .concat [ 17 15 0 0], L_0x13ec2f0, C4<000000000000000>;
L_0x13ebfa0 .functor MUXZ 32, L_0x13ebe70, L_0x13eb7e0, L_0x13eb530, C4<>;
L_0x13ec3e0 .part L_0x13ebfa0, 0, 16;
L_0x13ec190 .part v0x13d9110_0, 12, 4;
L_0x13ec040 .concat [ 4 1 0 0], L_0x13ec190, C4<0>;
L_0x13ec4c0 .cmp/eq 5, L_0x13ec040, C4<01101>;
L_0x13ec760 .functor MUXZ 4, v0x13b90b0_0, C4<1111>, L_0x13ec4c0, C4<>;
L_0x13ec8a0 .part v0x13d9110_0, 12, 4;
L_0x13ec600 .concat [ 4 1 0 0], L_0x13ec8a0, C4<0>;
L_0x13eca10 .cmp/eq 5, L_0x13ec600, C4<01101>;
L_0x13eccd0 .functor MUXZ 1, v0x13b9960_0, C4<1>, L_0x13eca10, C4<>;
S_0x13cb370 .scope module, "inst_decoder" "I_DECODE" 8 53, 9 5, S_0x13ca7f0;
 .timescale -8 -8;
P_0x13cb468 .param/l "add16" 9 61, C4<000>;
P_0x13cb490 .param/l "addOp" 9 43, C4<0000>;
P_0x13cb4b8 .param/l "addzOp" 9 44, C4<0001>;
P_0x13cb4e0 .param/l "and16" 9 63, C4<010>;
P_0x13cb508 .param/l "andOp" 9 46, C4<0011>;
P_0x13cb530 .param/l "bOp" 9 56, C4<1100>;
P_0x13cb558 .param/l "hltOp" 9 55, C4<1111>;
P_0x13cb580 .param/l "jalOp" 9 57, C4<1101>;
P_0x13cb5a8 .param/l "jrOp" 9 58, C4<1110>;
P_0x13cb5d0 .param/l "lhb16" 9 68, C4<110>;
P_0x13cb5f8 .param/l "lhbOp" 9 53, C4<1010>;
P_0x13cb620 .param/l "llbOp" 9 54, C4<1011>;
P_0x13cb648 .param/l "lwOp" 9 51, C4<1000>;
P_0x13cb670 .param/l "nor16" 9 64, C4<011>;
P_0x13cb698 .param/l "norOp" 9 47, C4<0100>;
P_0x13cb6c0 .param/l "sll16" 9 65, C4<100>;
P_0x13cb6e8 .param/l "sllOp" 9 48, C4<0101>;
P_0x13cb710 .param/l "sra16" 9 67, C4<111>;
P_0x13cb738 .param/l "sraOp" 9 50, C4<0111>;
P_0x13cb760 .param/l "srl16" 9 66, C4<101>;
P_0x13cb788 .param/l "srlOp" 9 49, C4<0110>;
P_0x13cb7b0 .param/l "sub16" 9 62, C4<001>;
P_0x13cb7d8 .param/l "subOp" 9 45, C4<0010>;
P_0x13cb800 .param/l "swOp" 9 52, C4<1001>;
L_0x13df980 .functor OR 1, L_0x13e0b00, L_0x13e0a60, C4<0>, C4<0>;
L_0x13e1c70 .functor OR 1, L_0x13e1b30, L_0x13e1e00, C4<0>, C4<0>;
L_0x13e3040 .functor OR 1, L_0x13e2990, L_0x13e2ee0, C4<0>, C4<0>;
L_0x13e3f80 .functor OR 1, L_0x13e3e50, L_0x13e4210, C4<0>, C4<0>;
L_0x13e7d00 .functor OR 1, L_0x13e76d0, L_0x13e7bc0, C4<0>, C4<0>;
L_0x13e3d10 .functor OR 1, L_0x13e7fa0, L_0x13e3c20, C4<0>, C4<0>;
v0x13cc110_0 .alias "PC", 15 0, v0x13dcb10_0;
v0x13cc1c0_0 .net *"_s10", 0 0, C4<1>; 1 drivers
v0x13cc240_0 .net *"_s100", 4 0, L_0x13e18c0; 1 drivers
v0x13cc2e0_0 .net *"_s103", 0 0, C4<0>; 1 drivers
v0x13cc390_0 .net *"_s104", 4 0, C4<01001>; 1 drivers
v0x13cc430_0 .net *"_s106", 0 0, L_0x13e1e00; 1 drivers
v0x13cc510_0 .net *"_s108", 0 0, L_0x13e1c70; 1 drivers
v0x13cc5b0_0 .net *"_s111", 0 0, L_0x13e2050; 1 drivers
v0x13cc650_0 .net *"_s112", 3 0, L_0x13df300; 1 drivers
v0x13cc6f0_0 .net *"_s115", 3 0, L_0x13e1f40; 1 drivers
v0x13cc790_0 .net *"_s116", 7 0, L_0x13e24b0; 1 drivers
v0x13cc830_0 .net *"_s119", 7 0, L_0x13e2390; 1 drivers
v0x13cc8d0_0 .net *"_s12", 0 0, C4<0>; 1 drivers
v0x13cc970_0 .net *"_s122", 4 0, L_0x13e2860; 1 drivers
v0x13cca90_0 .net *"_s125", 0 0, C4<0>; 1 drivers
v0x13ccb30_0 .net *"_s126", 4 0, C4<01011>; 1 drivers
v0x13cc9f0_0 .net *"_s128", 0 0, L_0x13e1220; 1 drivers
v0x13ccc80_0 .net *"_s130", 3 0, C4<0000>; 1 drivers
v0x13ccda0_0 .net *"_s133", 3 0, L_0x13e2720; 1 drivers
v0x13cce20_0 .net *"_s136", 4 0, L_0x13e2d70; 1 drivers
v0x13ccd00_0 .net *"_s139", 0 0, C4<0>; 1 drivers
v0x13ccf50_0 .net *"_s140", 4 0, C4<00000>; 1 drivers
v0x13ccea0_0 .net *"_s142", 0 0, L_0x13e2990; 1 drivers
v0x13cd090_0 .net *"_s144", 4 0, L_0x13e2ae0; 1 drivers
v0x13ccff0_0 .net *"_s147", 0 0, C4<0>; 1 drivers
v0x13cd1e0_0 .net *"_s148", 4 0, C4<00001>; 1 drivers
v0x13cd130_0 .net *"_s150", 0 0, L_0x13e2ee0; 1 drivers
v0x13cd340_0 .net *"_s152", 0 0, L_0x13e3040; 1 drivers
v0x13cd280_0 .net *"_s154", 2 0, C4<000>; 1 drivers
v0x13cd4b0_0 .net *"_s156", 4 0, L_0x13e34e0; 1 drivers
v0x13cd3c0_0 .net *"_s159", 0 0, C4<0>; 1 drivers
v0x13cd630_0 .net *"_s16", 4 0, L_0x13df850; 1 drivers
v0x13cd530_0 .net *"_s160", 4 0, C4<00010>; 1 drivers
v0x13cd7c0_0 .net *"_s162", 0 0, L_0x13e3650; 1 drivers
v0x13cd6b0_0 .net *"_s164", 2 0, C4<001>; 1 drivers
v0x13cd960_0 .net *"_s166", 4 0, L_0x13e3180; 1 drivers
v0x13cd840_0 .net *"_s169", 0 0, C4<0>; 1 drivers
v0x13cd8e0_0 .net *"_s170", 4 0, C4<00011>; 1 drivers
v0x13cdb20_0 .net *"_s172", 0 0, L_0x13e3960; 1 drivers
v0x13cdba0_0 .net *"_s174", 2 0, C4<010>; 1 drivers
v0x13cd9e0_0 .net *"_s176", 4 0, L_0x13e33a0; 1 drivers
v0x13cda80_0 .net *"_s179", 0 0, C4<0>; 1 drivers
v0x13cdd80_0 .net *"_s180", 4 0, C4<00100>; 1 drivers
v0x13cde00_0 .net *"_s182", 0 0, L_0x13e10b0; 1 drivers
v0x13cdc20_0 .net *"_s184", 2 0, C4<011>; 1 drivers
v0x13cdcc0_0 .net *"_s186", 4 0, L_0x13e3870; 1 drivers
v0x13ce000_0 .net *"_s189", 0 0, C4<0>; 1 drivers
v0x13ce080_0 .net *"_s19", 0 0, C4<0>; 1 drivers
v0x13cdea0_0 .net *"_s190", 4 0, C4<00101>; 1 drivers
v0x13cdf40_0 .net *"_s192", 0 0, L_0x13e3e50; 1 drivers
v0x13ce2a0_0 .net *"_s194", 4 0, L_0x13e4170; 1 drivers
v0x13ce320_0 .net *"_s197", 0 0, C4<0>; 1 drivers
v0x13ce120_0 .net *"_s198", 4 0, C4<01011>; 1 drivers
v0x13ce1c0_0 .net *"_s2", 4 0, L_0x13df410; 1 drivers
v0x13ce560_0 .net *"_s20", 4 0, C4<01101>; 1 drivers
v0x13ce5e0_0 .net *"_s200", 0 0, L_0x13e4210; 1 drivers
v0x13ce3a0_0 .net *"_s202", 0 0, L_0x13e3f80; 1 drivers
v0x13ce440_0 .net *"_s204", 2 0, C4<100>; 1 drivers
v0x13ce4e0_0 .net *"_s206", 4 0, L_0x13e4080; 1 drivers
v0x13ce860_0 .net *"_s209", 0 0, C4<0>; 1 drivers
v0x13ce680_0 .net *"_s210", 4 0, C4<00110>; 1 drivers
v0x13ce720_0 .net *"_s212", 0 0, L_0x13e44c0; 1 drivers
v0x13ce7c0_0 .net *"_s214", 2 0, C4<101>; 1 drivers
v0x13ceb00_0 .net *"_s216", 4 0, L_0x13e42f0; 1 drivers
v0x13ce900_0 .net *"_s219", 0 0, C4<0>; 1 drivers
v0x13ce9a0_0 .net *"_s22", 0 0, L_0x13dfa20; 1 drivers
v0x13cea40_0 .net *"_s220", 4 0, C4<00111>; 1 drivers
v0x13ceda0_0 .net *"_s222", 0 0, L_0x13e3aa0; 1 drivers
v0x13ceba0_0 .net *"_s224", 2 0, C4<111>; 1 drivers
v0x13cec40_0 .net *"_s226", 4 0, L_0x13e47c0; 1 drivers
v0x13cece0_0 .net *"_s229", 0 0, C4<0>; 1 drivers
v0x13cf060_0 .net *"_s230", 4 0, C4<01000>; 1 drivers
v0x13cee20_0 .net *"_s232", 0 0, L_0x13e48f0; 1 drivers
v0x13ceec0_0 .net *"_s234", 2 0, C4<000>; 1 drivers
v0x13cef60_0 .net *"_s236", 4 0, L_0x13e4b60; 1 drivers
v0x13cf340_0 .net *"_s239", 0 0, C4<0>; 1 drivers
v0x13cf0e0_0 .net *"_s24", 3 0, C4<1111>; 1 drivers
v0x13cf180_0 .net *"_s240", 4 0, C4<01001>; 1 drivers
v0x13cf220_0 .net *"_s242", 0 0, L_0x13e46e0; 1 drivers
v0x13cf2c0_0 .net *"_s244", 2 0, C4<000>; 1 drivers
v0x13cf650_0 .net *"_s246", 4 0, L_0x13e4f10; 1 drivers
v0x13cf6d0_0 .net *"_s249", 0 0, C4<0>; 1 drivers
v0x13cf3e0_0 .net *"_s250", 4 0, C4<01010>; 1 drivers
v0x13cf480_0 .net *"_s252", 0 0, L_0x13e5000; 1 drivers
v0x13cf520_0 .net *"_s254", 2 0, C4<110>; 1 drivers
v0x13cf5c0_0 .net *"_s256", 2 0, C4<xxx>; 1 drivers
v0x13cfa30_0 .net *"_s258", 2 0, L_0x13e4a70; 1 drivers
v0x13cfad0_0 .net *"_s260", 2 0, L_0x13e4dc0; 1 drivers
v0x13cf770_0 .net *"_s262", 2 0, L_0x13e5140; 1 drivers
v0x13cf810_0 .net *"_s264", 2 0, L_0x13e5770; 1 drivers
v0x13cf8b0_0 .net *"_s266", 2 0, L_0x13e5630; 1 drivers
v0x13cf950_0 .net *"_s268", 2 0, L_0x13e5aa0; 1 drivers
v0x13cfe40_0 .net *"_s27", 3 0, L_0x13dfb90; 1 drivers
v0x13cfec0_0 .net *"_s270", 2 0, L_0x13e5900; 1 drivers
v0x13cfb70_0 .net *"_s272", 2 0, L_0x13e5de0; 1 drivers
v0x13cfc10_0 .net *"_s274", 2 0, L_0x13e5c30; 1 drivers
v0x13cfcb0_0 .net *"_s278", 4 0, L_0x13e5fb0; 1 drivers
v0x13cfd50_0 .net *"_s281", 0 0, C4<0>; 1 drivers
v0x13d0260_0 .net *"_s282", 4 0, C4<01100>; 1 drivers
v0x13d02e0_0 .net *"_s284", 0 0, L_0x13e5330; 1 drivers
v0x13cff40_0 .net *"_s286", 0 0, C4<0>; 1 drivers
v0x13cffe0_0 .net *"_s288", 4 0, L_0x13e61d0; 1 drivers
v0x13d0080_0 .net *"_s291", 0 0, C4<0>; 1 drivers
v0x13d0120_0 .net *"_s292", 4 0, C4<01110>; 1 drivers
v0x13d01c0_0 .net *"_s294", 0 0, L_0x13e6300; 1 drivers
v0x13d06b0_0 .net *"_s296", 0 0, C4<0>; 1 drivers
v0x13d0380_0 .net *"_s298", 4 0, L_0x13e63a0; 1 drivers
v0x13d0420_0 .net *"_s30", 4 0, L_0x13dfe50; 1 drivers
v0x13d04c0_0 .net *"_s301", 0 0, C4<0>; 1 drivers
v0x13d0560_0 .net *"_s302", 4 0, C4<01001>; 1 drivers
v0x13d0600_0 .net *"_s304", 0 0, L_0x13e69e0; 1 drivers
v0x13d0ab0_0 .net *"_s306", 0 0, C4<0>; 1 drivers
v0x13d0750_0 .net *"_s308", 0 0, C4<1>; 1 drivers
v0x13d07f0_0 .net *"_s310", 0 0, L_0x13e6500; 1 drivers
v0x13d0890_0 .net *"_s312", 0 0, L_0x13e6790; 1 drivers
v0x13d0930_0 .net *"_s316", 4 0, L_0x13e6c50; 1 drivers
v0x13d09d0_0 .net *"_s319", 0 0, C4<0>; 1 drivers
v0x13d0ee0_0 .net *"_s320", 4 0, C4<01011>; 1 drivers
v0x13d0b30_0 .net *"_s322", 0 0, L_0x13e6d80; 1 drivers
v0x13d0bb0_0 .net *"_s324", 0 0, C4<0>; 1 drivers
v0x13d0c50_0 .net *"_s326", 0 0, C4<1>; 1 drivers
v0x13d0cf0_0 .net *"_s33", 0 0, C4<0>; 1 drivers
v0x13d0d90_0 .net *"_s330", 4 0, L_0x13e7110; 1 drivers
v0x13d0e30_0 .net *"_s333", 0 0, C4<0>; 1 drivers
v0x13d1350_0 .net *"_s334", 4 0, C4<01011>; 1 drivers
v0x13d13f0_0 .net *"_s336", 0 0, L_0x13e74c0; 1 drivers
v0x13d0f60_0 .net *"_s338", 0 0, C4<0>; 1 drivers
v0x13d1000_0 .net *"_s34", 4 0, C4<01001>; 1 drivers
v0x13d10a0_0 .net *"_s340", 0 0, C4<1>; 1 drivers
v0x13d1140_0 .net *"_s344", 4 0, L_0x13e7560; 1 drivers
v0x13d11e0_0 .net *"_s347", 0 0, C4<0>; 1 drivers
v0x13d1280_0 .net *"_s348", 4 0, C4<01011>; 1 drivers
v0x13d18a0_0 .net *"_s350", 0 0, L_0x13e76d0; 1 drivers
v0x13d1920_0 .net *"_s352", 4 0, L_0x13e7e30; 1 drivers
v0x13d1470_0 .net *"_s355", 0 0, C4<0>; 1 drivers
v0x13d14f0_0 .net *"_s356", 4 0, C4<01010>; 1 drivers
v0x13d1590_0 .net *"_s358", 0 0, L_0x13e7bc0; 1 drivers
v0x13d1630_0 .net *"_s36", 0 0, L_0x13e0040; 1 drivers
v0x13d16d0_0 .net *"_s360", 0 0, L_0x13e7d00; 1 drivers
v0x13d1770_0 .net *"_s362", 0 0, C4<0>; 1 drivers
v0x13d1810_0 .net *"_s364", 4 0, L_0x13e8260; 1 drivers
v0x13d1e10_0 .net *"_s367", 0 0, C4<0>; 1 drivers
v0x13d19a0_0 .net *"_s368", 4 0, C4<01000>; 1 drivers
v0x13d1a40_0 .net *"_s370", 0 0, L_0x13e7fa0; 1 drivers
v0x13d1ae0_0 .net *"_s372", 4 0, L_0x13e8090; 1 drivers
v0x13d1b80_0 .net *"_s375", 0 0, C4<0>; 1 drivers
v0x13d1c20_0 .net *"_s376", 4 0, C4<01001>; 1 drivers
v0x13d1cc0_0 .net *"_s378", 0 0, L_0x13e3c20; 1 drivers
v0x13d1d60_0 .net *"_s380", 0 0, L_0x13e3d10; 1 drivers
v0x13d2340_0 .net *"_s382", 0 0, C4<0>; 1 drivers
v0x13d1e90_0 .net *"_s384", 0 0, C4<1>; 1 drivers
v0x13d1f30_0 .net *"_s386", 0 0, L_0x13e7870; 1 drivers
v0x13d1fd0_0 .net *"_s39", 3 0, L_0x13e0180; 1 drivers
v0x13d2070_0 .net *"_s390", 4 0, L_0x13e8700; 1 drivers
v0x13d2110_0 .net *"_s393", 0 0, C4<0>; 1 drivers
v0x13d21b0_0 .net *"_s394", 4 0, C4<01001>; 1 drivers
v0x13d2250_0 .net *"_s396", 0 0, L_0x13e8830; 1 drivers
v0x13d28b0_0 .net *"_s398", 0 0, C4<1>; 1 drivers
v0x13d23c0_0 .net *"_s400", 0 0, C4<0>; 1 drivers
v0x13d2440_0 .net *"_s404", 4 0, L_0x13e9320; 1 drivers
v0x13d24e0_0 .net *"_s407", 0 0, C4<0>; 1 drivers
v0x13d2580_0 .net *"_s408", 4 0, C4<01000>; 1 drivers
v0x13d2620_0 .net *"_s41", 3 0, L_0x13e0220; 1 drivers
v0x13d26c0_0 .net *"_s410", 0 0, L_0x13e97b0; 1 drivers
v0x13d2760_0 .net *"_s412", 0 0, C4<1>; 1 drivers
v0x13d2800_0 .net *"_s414", 0 0, C4<0>; 1 drivers
v0x13d2e70_0 .net *"_s418", 4 0, L_0x13e84d0; 1 drivers
v0x13d2ef0_0 .net *"_s421", 0 0, C4<0>; 1 drivers
v0x13d2930_0 .net *"_s422", 4 0, C4<01000>; 1 drivers
v0x13d29d0_0 .net *"_s424", 0 0, L_0x13e8d40; 1 drivers
v0x13d2a70_0 .net *"_s426", 0 0, C4<0>; 1 drivers
v0x13d2b10_0 .net *"_s428", 0 0, C4<1>; 1 drivers
v0x13d2bb0_0 .net *"_s44", 4 0, L_0x13e0400; 1 drivers
v0x13d2c50_0 .net *"_s47", 0 0, C4<0>; 1 drivers
v0x13d2cf0_0 .net *"_s48", 4 0, C4<01010>; 1 drivers
v0x13d2d90_0 .net *"_s5", 0 0, C4<0>; 1 drivers
v0x13d3500_0 .net *"_s50", 0 0, L_0x13e0680; 1 drivers
v0x13d3580_0 .net *"_s53", 3 0, L_0x13e07c0; 1 drivers
v0x13d2f70_0 .net *"_s54", 4 0, L_0x13e08f0; 1 drivers
v0x13d3010_0 .net *"_s57", 0 0, C4<0>; 1 drivers
v0x13d30b0_0 .net *"_s58", 4 0, C4<01000>; 1 drivers
v0x13d3150_0 .net *"_s6", 4 0, C4<01111>; 1 drivers
v0x13d31f0_0 .net *"_s60", 0 0, L_0x13e0b00; 1 drivers
v0x13d3290_0 .net *"_s62", 4 0, L_0x13e0c90; 1 drivers
v0x13d3330_0 .net *"_s65", 0 0, C4<0>; 1 drivers
v0x13d33d0_0 .net *"_s66", 4 0, C4<01001>; 1 drivers
v0x13d3470_0 .net *"_s68", 0 0, L_0x13e0a60; 1 drivers
v0x13d3be0_0 .net *"_s70", 0 0, L_0x13df980; 1 drivers
v0x13d3600_0 .net *"_s73", 3 0, L_0x13e0f30; 1 drivers
v0x13d36a0_0 .net *"_s74", 4 0, L_0x13e0fd0; 1 drivers
v0x13d3740_0 .net *"_s77", 0 0, C4<0>; 1 drivers
v0x13d37e0_0 .net *"_s78", 4 0, C4<01110>; 1 drivers
v0x13d3880_0 .net *"_s8", 0 0, L_0x13df4f0; 1 drivers
v0x13d3920_0 .net *"_s80", 0 0, L_0x13e0e80; 1 drivers
v0x13d39c0_0 .net *"_s83", 3 0, L_0x13e1350; 1 drivers
v0x13d3a60_0 .net *"_s85", 3 0, L_0x13e1180; 1 drivers
v0x13d3b00_0 .net *"_s86", 3 0, L_0x13e14c0; 1 drivers
v0x13d4290_0 .net *"_s88", 3 0, L_0x13e1690; 1 drivers
v0x13d3c60_0 .net *"_s92", 4 0, L_0x13e1a00; 1 drivers
v0x13d3d00_0 .net *"_s95", 0 0, C4<0>; 1 drivers
v0x13d3da0_0 .net *"_s96", 4 0, C4<01000>; 1 drivers
v0x13d3e40_0 .net *"_s98", 0 0, L_0x13e1b30; 1 drivers
v0x13d3ee0_0 .alias "dst_addr", 3 0, v0x13db870_0;
v0x13d3f90_0 .alias "func", 2 0, v0x13dbe10_0;
v0x13d4040_0 .alias "hlt", 0 0, v0x13dbd70_0;
v0x13d40f0_0 .alias "imm8", 7 0, v0x13dbf90_0;
v0x13d41a0_0 .alias "instr", 15 0, v0x13dc330_0;
v0x13d4990_0 .net "opcode", 3 0, L_0x13df260; 1 drivers
v0x13d4310_0 .alias "p0_addr", 3 0, v0x13d8310_0;
v0x13d43c0_0 .alias "p1_addr", 3 0, v0x13d8100_0;
v0x13d4470_0 .alias "re0", 0 0, v0x13d8660_0;
v0x13d4520_0 .alias "re1", 0 0, v0x13d83e0_0;
v0x13d45d0_0 .alias "re_mem", 0 0, v0x13dcd70_0;
v0x13d4680_0 .alias "shamt", 3 0, v0x13dcef0_0;
v0x13d4730_0 .alias "src1sel", 0 0, v0x13dcff0_0;
v0x13d47b0_0 .alias "wb_sel", 0 0, v0x13dd5b0_0;
v0x13d4860_0 .alias "we_mem", 0 0, v0x13dd920_0;
v0x13d4910_0 .alias "we_rf", 0 0, v0x13ddb80_0;
L_0x13df260 .part v0x13d9110_0, 12, 4;
L_0x13df410 .concat [ 4 1 0 0], L_0x13df260, C4<0>;
L_0x13df4f0 .cmp/eq 5, L_0x13df410, C4<01111>;
L_0x13df6c0 .functor MUXZ 1, C4<0>, C4<1>, L_0x13df4f0, C4<>;
L_0x13df850 .concat [ 4 1 0 0], L_0x13df260, C4<0>;
L_0x13dfa20 .cmp/eq 5, L_0x13df850, C4<01101>;
L_0x13dfb90 .part v0x13d9110_0, 8, 4;
L_0x13dfc30 .functor MUXZ 4, L_0x13dfb90, C4<1111>, L_0x13dfa20, C4<>;
L_0x13dfe50 .concat [ 4 1 0 0], L_0x13df260, C4<0>;
L_0x13e0040 .cmp/eq 5, L_0x13dfe50, C4<01001>;
L_0x13e0180 .part v0x13d9110_0, 8, 4;
L_0x13e0220 .part v0x13d9110_0, 4, 4;
L_0x13e02c0 .functor MUXZ 4, L_0x13e0220, L_0x13e0180, L_0x13e0040, C4<>;
L_0x13e0400 .concat [ 4 1 0 0], L_0x13df260, C4<0>;
L_0x13e0680 .cmp/eq 5, L_0x13e0400, C4<01010>;
L_0x13e07c0 .part v0x13d9110_0, 8, 4;
L_0x13e08f0 .concat [ 4 1 0 0], L_0x13df260, C4<0>;
L_0x13e0b00 .cmp/eq 5, L_0x13e08f0, C4<01000>;
L_0x13e0c90 .concat [ 4 1 0 0], L_0x13df260, C4<0>;
L_0x13e0a60 .cmp/eq 5, L_0x13e0c90, C4<01001>;
L_0x13e0f30 .part v0x13d9110_0, 4, 4;
L_0x13e0fd0 .concat [ 4 1 0 0], L_0x13df260, C4<0>;
L_0x13e0e80 .cmp/eq 5, L_0x13e0fd0, C4<01110>;
L_0x13e1350 .part v0x13d9110_0, 4, 4;
L_0x13e1180 .part v0x13d9110_0, 0, 4;
L_0x13e14c0 .functor MUXZ 4, L_0x13e1180, L_0x13e1350, L_0x13e0e80, C4<>;
L_0x13e1690 .functor MUXZ 4, L_0x13e14c0, L_0x13e0f30, L_0x13df980, C4<>;
L_0x13e1820 .functor MUXZ 4, L_0x13e1690, L_0x13e07c0, L_0x13e0680, C4<>;
L_0x13e1a00 .concat [ 4 1 0 0], L_0x13df260, C4<0>;
L_0x13e1b30 .cmp/eq 5, L_0x13e1a00, C4<01000>;
L_0x13e18c0 .concat [ 4 1 0 0], L_0x13df260, C4<0>;
L_0x13e1e00 .cmp/eq 5, L_0x13e18c0, C4<01001>;
L_0x13e2050 .part v0x13d9110_0, 3, 1;
L_0x13df300 .concat [ 1 1 1 1], L_0x13e2050, L_0x13e2050, L_0x13e2050, L_0x13e2050;
L_0x13e1f40 .part v0x13d9110_0, 0, 4;
L_0x13e24b0 .concat [ 4 4 0 0], L_0x13e1f40, L_0x13df300;
L_0x13e2390 .part v0x13d9110_0, 0, 8;
L_0x13e2680 .functor MUXZ 8, L_0x13e2390, L_0x13e24b0, L_0x13e1c70, C4<>;
L_0x13e2860 .concat [ 4 1 0 0], L_0x13df260, C4<0>;
L_0x13e1220 .cmp/eq 5, L_0x13e2860, C4<01011>;
L_0x13e2720 .part v0x13d9110_0, 0, 4;
L_0x13e27c0 .functor MUXZ 4, L_0x13e2720, C4<0000>, L_0x13e1220, C4<>;
L_0x13e2d70 .concat [ 4 1 0 0], L_0x13df260, C4<0>;
L_0x13e2990 .cmp/eq 5, L_0x13e2d70, C4<00000>;
L_0x13e2ae0 .concat [ 4 1 0 0], L_0x13df260, C4<0>;
L_0x13e2ee0 .cmp/eq 5, L_0x13e2ae0, C4<00001>;
L_0x13e34e0 .concat [ 4 1 0 0], L_0x13df260, C4<0>;
L_0x13e3650 .cmp/eq 5, L_0x13e34e0, C4<00010>;
L_0x13e3180 .concat [ 4 1 0 0], L_0x13df260, C4<0>;
L_0x13e3960 .cmp/eq 5, L_0x13e3180, C4<00011>;
L_0x13e33a0 .concat [ 4 1 0 0], L_0x13df260, C4<0>;
L_0x13e10b0 .cmp/eq 5, L_0x13e33a0, C4<00100>;
L_0x13e3870 .concat [ 4 1 0 0], L_0x13df260, C4<0>;
L_0x13e3e50 .cmp/eq 5, L_0x13e3870, C4<00101>;
L_0x13e4170 .concat [ 4 1 0 0], L_0x13df260, C4<0>;
L_0x13e4210 .cmp/eq 5, L_0x13e4170, C4<01011>;
L_0x13e4080 .concat [ 4 1 0 0], L_0x13df260, C4<0>;
L_0x13e44c0 .cmp/eq 5, L_0x13e4080, C4<00110>;
L_0x13e42f0 .concat [ 4 1 0 0], L_0x13df260, C4<0>;
L_0x13e3aa0 .cmp/eq 5, L_0x13e42f0, C4<00111>;
L_0x13e47c0 .concat [ 4 1 0 0], L_0x13df260, C4<0>;
L_0x13e48f0 .cmp/eq 5, L_0x13e47c0, C4<01000>;
L_0x13e4b60 .concat [ 4 1 0 0], L_0x13df260, C4<0>;
L_0x13e46e0 .cmp/eq 5, L_0x13e4b60, C4<01001>;
L_0x13e4f10 .concat [ 4 1 0 0], L_0x13df260, C4<0>;
L_0x13e5000 .cmp/eq 5, L_0x13e4f10, C4<01010>;
L_0x13e4a70 .functor MUXZ 3, C4<xxx>, C4<110>, L_0x13e5000, C4<>;
L_0x13e4dc0 .functor MUXZ 3, L_0x13e4a70, C4<000>, L_0x13e46e0, C4<>;
L_0x13e5140 .functor MUXZ 3, L_0x13e4dc0, C4<000>, L_0x13e48f0, C4<>;
L_0x13e5770 .functor MUXZ 3, L_0x13e5140, C4<111>, L_0x13e3aa0, C4<>;
L_0x13e5630 .functor MUXZ 3, L_0x13e5770, C4<101>, L_0x13e44c0, C4<>;
L_0x13e5aa0 .functor MUXZ 3, L_0x13e5630, C4<100>, L_0x13e3f80, C4<>;
L_0x13e5900 .functor MUXZ 3, L_0x13e5aa0, C4<011>, L_0x13e10b0, C4<>;
L_0x13e5de0 .functor MUXZ 3, L_0x13e5900, C4<010>, L_0x13e3960, C4<>;
L_0x13e5c30 .functor MUXZ 3, L_0x13e5de0, C4<001>, L_0x13e3650, C4<>;
L_0x13e6130 .functor MUXZ 3, L_0x13e5c30, C4<000>, L_0x13e3040, C4<>;
L_0x13e5fb0 .concat [ 4 1 0 0], L_0x13df260, C4<0>;
L_0x13e5330 .cmp/eq 5, L_0x13e5fb0, C4<01100>;
L_0x13e61d0 .concat [ 4 1 0 0], L_0x13df260, C4<0>;
L_0x13e6300 .cmp/eq 5, L_0x13e61d0, C4<01110>;
L_0x13e63a0 .concat [ 4 1 0 0], L_0x13df260, C4<0>;
L_0x13e69e0 .cmp/eq 5, L_0x13e63a0, C4<01001>;
L_0x13e6500 .functor MUXZ 1, C4<1>, C4<0>, L_0x13e69e0, C4<>;
L_0x13e6790 .functor MUXZ 1, L_0x13e6500, C4<0>, L_0x13e6300, C4<>;
L_0x13e6920 .functor MUXZ 1, L_0x13e6790, C4<0>, L_0x13e5330, C4<>;
L_0x13e6c50 .concat [ 4 1 0 0], L_0x13df260, C4<0>;
L_0x13e6d80 .cmp/eq 5, L_0x13e6c50, C4<01011>;
L_0x13e6f00 .functor MUXZ 1, C4<1>, C4<0>, L_0x13e6d80, C4<>;
L_0x13e7110 .concat [ 4 1 0 0], L_0x13df260, C4<0>;
L_0x13e74c0 .cmp/eq 5, L_0x13e7110, C4<01011>;
L_0x13e72e0 .functor MUXZ 1, C4<1>, C4<0>, L_0x13e74c0, C4<>;
L_0x13e7560 .concat [ 4 1 0 0], L_0x13df260, C4<0>;
L_0x13e76d0 .cmp/eq 5, L_0x13e7560, C4<01011>;
L_0x13e7e30 .concat [ 4 1 0 0], L_0x13df260, C4<0>;
L_0x13e7bc0 .cmp/eq 5, L_0x13e7e30, C4<01010>;
L_0x13e8260 .concat [ 4 1 0 0], L_0x13df260, C4<0>;
L_0x13e7fa0 .cmp/eq 5, L_0x13e8260, C4<01000>;
L_0x13e8090 .concat [ 4 1 0 0], L_0x13df260, C4<0>;
L_0x13e3c20 .cmp/eq 5, L_0x13e8090, C4<01001>;
L_0x13e7870 .functor MUXZ 1, C4<1>, C4<0>, L_0x13e3d10, C4<>;
L_0x13e7a00 .functor MUXZ 1, L_0x13e7870, C4<0>, L_0x13e7d00, C4<>;
L_0x13e8700 .concat [ 4 1 0 0], L_0x13df260, C4<0>;
L_0x13e8830 .cmp/eq 5, L_0x13e8700, C4<01001>;
L_0x13e9150 .functor MUXZ 1, C4<0>, C4<1>, L_0x13e8830, C4<>;
L_0x13e9320 .concat [ 4 1 0 0], L_0x13df260, C4<0>;
L_0x13e97b0 .cmp/eq 5, L_0x13e9320, C4<01000>;
L_0x13e8300 .functor MUXZ 1, C4<0>, C4<1>, L_0x13e97b0, C4<>;
L_0x13e84d0 .concat [ 4 1 0 0], L_0x13df260, C4<0>;
L_0x13e8d40 .cmp/eq 5, L_0x13e84d0, C4<01000>;
L_0x13e8f00 .functor MUXZ 1, C4<1>, C4<0>, L_0x13e8d40, C4<>;
S_0x13ca920 .scope module, "regF" "rf" 8 73, 10 1, S_0x13ca7f0;
 .timescale -8 -8;
v0x13cab30_0 .alias "clk", 0 0, v0x13db720_0;
v0x13cabb0_0 .alias "dst", 15 0, v0x13dd420_0;
v0x13cac80_0 .alias "dst_addr", 3 0, v0x13dbbf0_0;
v0x13cad00_0 .alias "hlt", 0 0, v0x13dc0d0_0;
v0x13cadb0_0 .var/i "indx", 31 0;
v0x13cae30 .array "mem", 15 0, 15 0;
v0x13caef0_0 .var "p0", 15 0;
v0x13caf70_0 .alias "p0_addr", 3 0, v0x13d8310_0;
v0x13cb040_0 .var "p1", 15 0;
v0x13cb0f0_0 .alias "p1_addr", 3 0, v0x13d8100_0;
v0x13cb1d0_0 .alias "re0", 0 0, v0x13d8660_0;
v0x13cb250_0 .alias "re1", 0 0, v0x13d83e0_0;
v0x13cb2f0_0 .alias "we", 0 0, v0x13de070_0;
E_0x13ca4d0 .event posedge, v0x13b9200_0;
E_0x13b8710 .event edge, v0x13cb0f0_0, v0x13cb250_0, v0x13b4db0_0;
E_0x13caa50 .event edge, v0x13caf70_0, v0x13cb1d0_0, v0x13b4db0_0;
E_0x13caaa0 .event edge, v0x13b8bc0_0, v0x13b6740_0, v0x13b66a0_0, v0x13b4db0_0;
S_0x13c8ab0 .scope module, "ID_EX" "ID_EX_FF" 3 106, 11 1, S_0x12c5040;
 .timescale -8 -8;
v0x13c8ba0_0 .alias "clk", 0 0, v0x13db720_0;
v0x13ba2e0_0 .var "dst_addr_EX", 3 0;
v0x13c8d30_0 .alias "dst_addr_ID", 3 0, v0x13db870_0;
v0x13c8db0_0 .var "func_EX", 2 0;
v0x13c8e30_0 .alias "func_ID", 2 0, v0x13dbe10_0;
v0x13c8eb0_0 .var "hlt_EX", 0 0;
v0x13c8f30_0 .alias "hlt_ID", 0 0, v0x13dbd70_0;
v0x13c8fb0_0 .var "imm8_EX", 7 0;
v0x13c9080_0 .alias "imm8_ID", 7 0, v0x13dbf90_0;
v0x13c9100_0 .var "instr_EX", 15 0;
v0x13c91d0_0 .alias "instr_ID", 15 0, v0x13dc330_0;
v0x13c92a0_0 .net "next_dst_addr", 3 0, L_0x13edce0; 1 drivers
v0x13c9320_0 .net "next_func", 2 0, L_0x13ed820; 1 drivers
v0x13c93a0_0 .net "next_hlt", 0 0, L_0x13ee170; 1 drivers
v0x13c94a0_0 .net "next_imm8", 7 0, L_0x13ed530; 1 drivers
v0x13c9520_0 .net "next_instr", 15 0, L_0x13ede20; 1 drivers
v0x13c9420_0 .net "next_p0", 15 0, L_0x13ece10; 1 drivers
v0x13c9630_0 .net "next_p1", 15 0, L_0x13ed400; 1 drivers
v0x13c95a0_0 .net "next_pc", 15 0, L_0x13edfc0; 1 drivers
v0x13c9750_0 .net "next_re_mem", 0 0, L_0x13edba0; 1 drivers
v0x13c96b0_0 .net "next_shamt", 3 0, L_0x13ed6f0; 1 drivers
v0x13c9880_0 .net "next_src1sel", 0 0, L_0x13edd80; 1 drivers
v0x13c97d0_0 .net "next_wb_sel", 0 0, L_0x13edc40; 1 drivers
v0x13c99c0_0 .net "next_we_mem", 0 0, L_0x13ed9f0; 1 drivers
v0x13c9920_0 .net "next_we_rf", 0 0, L_0x13ed950; 1 drivers
v0x13c9b10_0 .var "p0_EX", 15 0;
v0x13c9a40_0 .alias "p0_ID", 15 0, v0x13dc7d0_0;
v0x13c9c70_0 .var "p1_EX", 15 0;
v0x13c9b90_0 .alias "p1_ID", 15 0, v0x13dc680_0;
v0x13c9de0_0 .var "pc_EX", 15 0;
v0x13c9cf0_0 .alias "pc_ID", 15 0, v0x13dcb10_0;
v0x13c9f60_0 .var "re_mem_EX", 0 0;
v0x13c9e60_0 .alias "re_mem_ID", 0 0, v0x13dcd70_0;
v0x13c9ee0_0 .alias "rst_n", 0 0, v0x13dcb90_0;
v0x13ca100_0 .var "shamt_EX", 3 0;
v0x13ca180_0 .alias "shamt_ID", 3 0, v0x13dcef0_0;
v0x13c9fe0_0 .var "src1sel_EX", 0 0;
v0x13ca330_0 .alias "src1sel_ID", 0 0, v0x13dcff0_0;
v0x13ca200_0 .alias "stall", 0 0, v0x13dd270_0;
v0x13ca2a0_0 .var "wb_sel_EX", 0 0;
v0x13ca500_0 .alias "wb_sel_ID", 0 0, v0x13dd5b0_0;
v0x13ca580_0 .var "we_mem_EX", 0 0;
v0x13ca3b0_0 .alias "we_mem_ID", 0 0, v0x13dd920_0;
v0x13ca430_0 .var "we_rf_EX", 0 0;
v0x13ca770_0 .alias "we_rf_ID", 0 0, v0x13ddb80_0;
L_0x13ece10 .functor MUXZ 16, v0x13caef0_0, v0x13c9b10_0, L_0x13c8540, C4<>;
L_0x13ed400 .functor MUXZ 16, v0x13cb040_0, v0x13c9c70_0, L_0x13c8540, C4<>;
L_0x13ed530 .functor MUXZ 8, L_0x13e2680, v0x13c8fb0_0, L_0x13c8540, C4<>;
L_0x13ed6f0 .functor MUXZ 4, L_0x13e27c0, v0x13ca100_0, L_0x13c8540, C4<>;
L_0x13ed820 .functor MUXZ 3, L_0x13e6130, v0x13c8db0_0, L_0x13c8540, C4<>;
L_0x13ed950 .functor MUXZ 1, L_0x13e6920, v0x13ca430_0, L_0x13c8540, C4<>;
L_0x13ed9f0 .functor MUXZ 1, L_0x13e9150, v0x13ca580_0, L_0x13c8540, C4<>;
L_0x13edba0 .functor MUXZ 1, L_0x13e8300, v0x13c9f60_0, L_0x13c8540, C4<>;
L_0x13edc40 .functor MUXZ 1, L_0x13e8f00, v0x13ca2a0_0, L_0x13c8540, C4<>;
L_0x13edce0 .functor MUXZ 4, L_0x13dfc30, v0x13ba2e0_0, L_0x13c8540, C4<>;
L_0x13edd80 .functor MUXZ 1, L_0x13e7a00, v0x13c9fe0_0, L_0x13c8540, C4<>;
L_0x13ede20 .functor MUXZ 16, v0x13d9110_0, v0x13c9100_0, L_0x13c8540, C4<>;
L_0x13edfc0 .functor MUXZ 16, v0x13d9310_0, v0x13c9de0_0, L_0x13c8540, C4<>;
L_0x13ee170 .functor MUXZ 1, L_0x13df6c0, v0x13c8eb0_0, L_0x13c8540, C4<>;
S_0x13bc0f0 .scope module, "execution" "EX" 3 161, 12 4, S_0x12c5040;
 .timescale -8 -8;
L_0x13edf00 .functor BUFZ 16, v0x13c9c70_0, C4<0000000000000000>, C4<0000000000000000>, C4<0000000000000000>;
v0x13c7120_0 .alias "N", 0 0, v0x13da710_0;
v0x13c71f0_0 .alias "V", 0 0, v0x13da790_0;
v0x13c72c0_0 .alias "Z", 0 0, v0x13da810_0;
v0x13c7390_0 .net *"_s10", 1 0, C4<01>; 1 drivers
v0x13c7430_0 .net *"_s12", 0 0, L_0x13f9830; 1 drivers
v0x13c74d0_0 .net *"_s14", 15 0, L_0x13f98d0; 1 drivers
v0x13c75b0_0 .net *"_s18", 1 0, C4<10>; 1 drivers
v0x13c7650_0 .net *"_s20", 0 0, L_0x13f9ca0; 1 drivers
v0x13c7740_0 .net *"_s22", 1 0, C4<01>; 1 drivers
v0x13c77e0_0 .net *"_s24", 0 0, L_0x13fa670; 1 drivers
v0x13c78e0_0 .net *"_s26", 15 0, L_0x13fa710; 1 drivers
v0x13c7980_0 .net *"_s6", 1 0, C4<10>; 1 drivers
v0x13c7a90_0 .net *"_s8", 0 0, L_0x13f9700; 1 drivers
v0x13c7b30_0 .alias "alu_result_MEM_WB", 15 0, v0x13db510_0;
v0x13c7c30_0 .alias "br_ctrl", 0 0, v0x13db650_0;
v0x13c7d00_0 .alias "br_pc", 15 0, v0x13db7a0_0;
v0x13c7bb0_0 .alias "clk", 0 0, v0x13db720_0;
v0x13c7e10_0 .alias "dst", 15 0, v0x13db490_0;
v0x13c7f30_0 .alias "forwardA", 1 0, v0x13dbc70_0;
v0x13c8000_0 .alias "forwardB", 1 0, v0x13dbaf0_0;
v0x13c8130_0 .alias "func", 2 0, v0x13dbb70_0;
v0x13c81b0_0 .alias "imm8", 7 0, v0x13dbf10_0;
v0x13c8080_0 .alias "instr", 15 0, v0x13dc2b0_0;
v0x13c82f0_0 .net "muxA", 15 0, L_0x13f9a50; 1 drivers
v0x13c8230_0 .net "muxB", 15 0, L_0x13fa7b0; 1 drivers
v0x13c8440_0 .alias "p0", 15 0, v0x13dc480_0;
v0x13c8370_0 .alias "p1", 15 0, v0x13dc850_0;
v0x13c85a0_0 .net "pc", 15 0, C4<zzzzzzzzzzzzzzzz>; 0 drivers
v0x13c84c0_0 .alias "prev_br_ctrl", 0 0, v0x13db590_0;
v0x13c8710_0 .alias "rst_n", 0 0, v0x13dcb90_0;
v0x13c8620_0 .alias "sdata", 15 0, v0x13dcc90_0;
v0x13c8890_0 .alias "shamt", 3 0, v0x13dce70_0;
v0x13c8790_0 .net "src1_lcl", 15 0, L_0x13ee7a0; 1 drivers
v0x13c8810_0 .alias "src1sel", 0 0, v0x13dcf70_0;
v0x13c8a30_0 .alias "wb_data_WB", 15 0, v0x13dd420_0;
L_0x13f9160 .part v0x13c9100_0, 12, 4;
L_0x13f9250 .part v0x13c9100_0, 9, 3;
L_0x13f9700 .cmp/eq 2, L_0x13fcf10, C4<10>;
L_0x13f9830 .cmp/eq 2, L_0x13fcf10, C4<01>;
L_0x13f98d0 .functor MUXZ 16, v0x13c9b10_0, L_0x13fc800, L_0x13f9830, C4<>;
L_0x13f9a50 .functor MUXZ 16, L_0x13f98d0, v0x13bab30_0, L_0x13f9700, C4<>;
L_0x13f9ca0 .cmp/eq 2, L_0x13fe050, C4<10>;
L_0x13fa670 .cmp/eq 2, L_0x13fe050, C4<01>;
L_0x13fa710 .functor MUXZ 16, v0x13c9c70_0, L_0x13fc800, L_0x13fa670, C4<>;
L_0x13fa7b0 .functor MUXZ 16, L_0x13fa710, v0x13bab30_0, L_0x13f9ca0, C4<>;
S_0x13c6620 .scope module, "source_mux" "src_mux" 12 47, 13 5, S_0x13bc0f0;
 .timescale -8 -8;
v0x13c6710_0 .net *"_s1", 0 0, L_0x13ee420; 1 drivers
v0x13c67d0_0 .net *"_s2", 7 0, L_0x13ee4c0; 1 drivers
v0x13c6e60_0 .net *"_s4", 15 0, L_0x13ee700; 1 drivers
v0x13c6ee0_0 .alias "imm8", 7 0, v0x13dbf10_0;
v0x13c6f60_0 .alias "p1", 15 0, v0x13c8230_0;
v0x13c6fe0_0 .alias "src1", 15 0, v0x13c8790_0;
v0x13c70a0_0 .alias "src1sel", 0 0, v0x13dcf70_0;
L_0x13ee420 .part v0x13c8fb0_0, 7, 1;
LS_0x13ee4c0_0_0 .concat [ 1 1 1 1], L_0x13ee420, L_0x13ee420, L_0x13ee420, L_0x13ee420;
LS_0x13ee4c0_0_4 .concat [ 1 1 1 1], L_0x13ee420, L_0x13ee420, L_0x13ee420, L_0x13ee420;
L_0x13ee4c0 .concat [ 4 4 0 0], LS_0x13ee4c0_0_0, LS_0x13ee4c0_0_4;
L_0x13ee700 .concat [ 8 8 0 0], v0x13c8fb0_0, L_0x13ee4c0;
L_0x13ee7a0 .functor MUXZ 16, L_0x13ee700, L_0x13fa7b0, v0x13c9fe0_0, C4<>;
S_0x13c06c0 .scope module, "arithmetic_logic_unit" "ALU" 12 57, 14 3, S_0x13bc0f0;
 .timescale 0 0;
P_0x13c07b8 .param/l "add16" 14 17, C4<000>;
P_0x13c07e0 .param/l "and16" 14 19, C4<010>;
P_0x13c0808 .param/l "lhb16" 14 24, C4<110>;
P_0x13c0830 .param/l "nor16" 14 20, C4<011>;
P_0x13c0858 .param/l "sll16" 14 21, C4<100>;
P_0x13c0880 .param/l "sra16" 14 23, C4<111>;
P_0x13c08a8 .param/l "srl16" 14 22, C4<101>;
P_0x13c08d0 .param/l "sub16" 14 18, C4<001>;
L_0x13efe80 .functor XNOR 1, L_0x13ef190, L_0x13ef230, C4<0>, C4<0>;
L_0x13efee0 .functor AND 1, L_0x13eefd0, L_0x13efe80, C4<1>, C4<1>;
L_0x13f0080 .functor NOT 1, L_0x13effe0, C4<0>, C4<0>, C4<0>;
L_0x13ef360 .functor NOT 1, L_0x13f0130, C4<0>, C4<0>, C4<0>;
L_0x13f02c0 .functor AND 1, L_0x13f0080, L_0x13ef360, C4<1>, C4<1>;
L_0x13f04b0 .functor AND 1, L_0x13f02c0, L_0x13f03c0, C4<1>, C4<1>;
L_0x13f05f0 .functor NOT 1, L_0x13efee0, C4<0>, C4<0>, C4<0>;
L_0x13f06a0 .functor AND 1, L_0x13f04b0, L_0x13f05f0, C4<1>, C4<1>;
L_0x13ee560 .functor AND 1, L_0x13f07f0, L_0x13f01d0, C4<1>, C4<1>;
L_0x13f0890 .functor NOT 1, L_0x13f0af0, C4<0>, C4<0>, C4<0>;
L_0x13f0cb0 .functor AND 1, L_0x13ee560, L_0x13f0890, C4<1>, C4<1>;
L_0x13f0d60 .functor NOT 1, L_0x13efee0, C4<0>, C4<0>, C4<0>;
L_0x13f0c50 .functor AND 1, L_0x13f0cb0, L_0x13f0d60, C4<1>, C4<1>;
L_0x13f0f00 .functor OR 1, L_0x13efdd0, L_0x13f10b0, C4<0>, C4<0>;
L_0x13c1630 .functor AND 16, L_0x13ee7a0, L_0x13f9a50, C4<1111111111111111>, C4<1111111111111111>;
L_0x13f1ab0 .functor OR 16, L_0x13ee7a0, L_0x13f9a50, C4<0000000000000000>, C4<0000000000000000>;
L_0x13f1c20 .functor NOT 16, L_0x13f1ab0, C4<0000000000000000>, C4<0000000000000000>, C4<0000000000000000>;
L_0x13f3820 .functor OR 1, L_0x13f1360, L_0x13f4640, C4<0>, C4<0>;
L_0x13f3610 .functor NOT 16, L_0x13f4480, C4<0000000000000000>, C4<0000000000000000>, C4<0000000000000000>;
L_0x13f5020 .functor OR 1, L_0x13f49f0, L_0x13f4ee0, C4<0>, C4<0>;
L_0x13f3920 .functor OR 1, L_0x13f06a0, L_0x13f0c50, C4<0>, C4<0>;
v0x13c0be0_0 .var "N", 0 0;
v0x13c0c60_0 .var "V", 0 0;
v0x13c0d10_0 .var "Z", 0 0;
v0x13c0dc0_0 .net *"_s0", 3 0, L_0x13ee840; 1 drivers
v0x13c0e70_0 .net *"_s100", 3 0, L_0x13efcf0; 1 drivers
v0x13c0ef0_0 .net *"_s103", 0 0, C4<0>; 1 drivers
v0x13c0fb0_0 .net *"_s104", 3 0, C4<0000>; 1 drivers
v0x13c1030_0 .net *"_s106", 0 0, L_0x13efdd0; 1 drivers
v0x13c10d0_0 .net *"_s108", 3 0, L_0x13efc20; 1 drivers
v0x13c1170_0 .net *"_s11", 0 0, C4<0>; 1 drivers
v0x13c1210_0 .net *"_s111", 0 0, C4<0>; 1 drivers
v0x13c12b0_0 .net *"_s112", 3 0, C4<0001>; 1 drivers
v0x13c1350_0 .net *"_s114", 0 0, L_0x13f10b0; 1 drivers
v0x13c13f0_0 .net *"_s116", 0 0, L_0x13f0f00; 1 drivers
v0x13c1510_0 .net *"_s118", 3 0, L_0x13f1980; 1 drivers
v0x13c15b0_0 .net *"_s12", 16 0, L_0x13ed200; 1 drivers
v0x13c1470_0 .net *"_s121", 0 0, C4<0>; 1 drivers
v0x13c1700_0 .net *"_s122", 3 0, C4<0010>; 1 drivers
v0x13c1820_0 .net *"_s124", 0 0, L_0x13f1400; 1 drivers
v0x13c18a0_0 .net *"_s126", 0 0, C4<0>; 1 drivers
v0x13c1780_0 .net *"_s128", 15 0, L_0x13c1630; 1 drivers
v0x13c19d0_0 .net *"_s130", 16 0, L_0x13f1580; 1 drivers
v0x13c1920_0 .net *"_s132", 3 0, L_0x13f16c0; 1 drivers
v0x13c1b10_0 .net *"_s135", 0 0, C4<0>; 1 drivers
v0x13c1a70_0 .net *"_s136", 3 0, C4<0011>; 1 drivers
v0x13c1c60_0 .net *"_s138", 0 0, L_0x13f1230; 1 drivers
v0x13c1bb0_0 .net *"_s140", 0 0, C4<0>; 1 drivers
v0x13c1dc0_0 .net *"_s142", 15 0, L_0x13f1ab0; 1 drivers
v0x13c1d00_0 .net *"_s144", 15 0, L_0x13f1c20; 1 drivers
v0x13c1f30_0 .net *"_s146", 16 0, L_0x13f1cd0; 1 drivers
v0x13c1e40_0 .net *"_s148", 3 0, L_0x13f1760; 1 drivers
v0x13c20b0_0 .net *"_s15", 0 0, C4<0>; 1 drivers
v0x13c1fb0_0 .net *"_s151", 0 0, C4<0>; 1 drivers
v0x13c2240_0 .net *"_s152", 3 0, C4<0100>; 1 drivers
v0x13c2130_0 .net *"_s154", 0 0, L_0x13f2550; 1 drivers
v0x13c23e0_0 .net *"_s156", 0 0, C4<0>; 1 drivers
v0x13c22c0_0 .net *"_s158", 15 0, L_0x13f1e50; 1 drivers
v0x13c2360_0 .net *"_s16", 16 0, L_0x13eed20; 1 drivers
v0x13c25a0_0 .net *"_s160", 16 0, L_0x13f2770; 1 drivers
v0x13c2620_0 .net *"_s162", 3 0, L_0x13f2640; 1 drivers
v0x13c2460_0 .net *"_s165", 0 0, C4<0>; 1 drivers
v0x13c2500_0 .net *"_s166", 3 0, C4<0101>; 1 drivers
v0x13c2800_0 .net *"_s168", 0 0, L_0x13f2060; 1 drivers
v0x13c2880_0 .net *"_s170", 0 0, C4<0>; 1 drivers
v0x13c26a0_0 .net *"_s172", 15 0, L_0x13f22f0; 1 drivers
v0x13c2740_0 .net *"_s174", 16 0, L_0x13f2390; 1 drivers
v0x13c2a80_0 .net *"_s176", 3 0, L_0x13f21a0; 1 drivers
v0x13c2b00_0 .net *"_s179", 0 0, C4<0>; 1 drivers
v0x13c2920_0 .net *"_s18", 3 0, L_0x13eee60; 1 drivers
v0x13c29c0_0 .net *"_s180", 3 0, C4<0111>; 1 drivers
v0x13c2d20_0 .net *"_s182", 0 0, L_0x13f28b0; 1 drivers
v0x13c2da0_0 .net *"_s184", 0 0, C4<0>; 1 drivers
v0x13c2ba0_0 .net *"_s186", 15 0, L_0x13f3080; 1 drivers
v0x13c2c40_0 .net *"_s188", 16 0, L_0x13f3120; 1 drivers
v0x13c2fe0_0 .net *"_s190", 3 0, L_0x13f29f0; 1 drivers
v0x13c3060_0 .net *"_s193", 0 0, C4<0>; 1 drivers
v0x13c2e20_0 .net *"_s194", 3 0, C4<0110>; 1 drivers
v0x13c2ea0_0 .net *"_s196", 0 0, L_0x13f3390; 1 drivers
v0x13c2f40_0 .net *"_s198", 0 0, C4<0>; 1 drivers
v0x13c32c0_0 .net *"_s201", 7 0, L_0x13f3210; 1 drivers
v0x13c30e0_0 .net *"_s203", 7 0, L_0x13f32b0; 1 drivers
v0x13c3160_0 .net *"_s204", 15 0, L_0x13f3480; 1 drivers
v0x13c3200_0 .net *"_s206", 16 0, L_0x13f2c80; 1 drivers
v0x13c3540_0 .net *"_s208", 16 0, C4<xxxxxxxxxxxxxxxxx>; 1 drivers
v0x13c3340_0 .net *"_s21", 0 0, C4<0>; 1 drivers
v0x13c33e0_0 .net *"_s210", 16 0, L_0x13f2f20; 1 drivers
v0x13c3480_0 .net *"_s212", 16 0, L_0x13f2b80; 1 drivers
v0x13c37e0_0 .net *"_s214", 16 0, L_0x13f2e10; 1 drivers
v0x13c35c0_0 .net *"_s216", 16 0, L_0x13f3db0; 1 drivers
v0x13c3660_0 .net *"_s218", 16 0, L_0x13f3c40; 1 drivers
v0x13c3700_0 .net *"_s22", 3 0, C4<0001>; 1 drivers
v0x13c3aa0_0 .net *"_s220", 16 0, L_0x13f4110; 1 drivers
v0x13c3860_0 .net *"_s222", 16 0, L_0x13f3f40; 1 drivers
v0x13c38e0_0 .net *"_s226", 3 0, L_0x13f41b0; 1 drivers
v0x13c3980_0 .net *"_s229", 0 0, C4<0>; 1 drivers
v0x13c3a20_0 .net *"_s230", 3 0, C4<0000>; 1 drivers
v0x13c3d90_0 .net *"_s232", 0 0, L_0x13f1360; 1 drivers
v0x13c3e10_0 .net *"_s234", 3 0, L_0x13f42f0; 1 drivers
v0x13c3b20_0 .net *"_s237", 0 0, C4<0>; 1 drivers
v0x13c3bc0_0 .net *"_s238", 3 0, C4<0001>; 1 drivers
v0x13c3c60_0 .net *"_s24", 0 0, L_0x13ee8e0; 1 drivers
v0x13c3d00_0 .net *"_s240", 0 0, L_0x13f4640; 1 drivers
v0x13c4130_0 .net *"_s242", 0 0, L_0x13f3820; 1 drivers
v0x13c41b0_0 .net *"_s245", 0 0, L_0x13f39c0; 1 drivers
v0x13c3e90_0 .net *"_s248", 15 0, L_0x13f3610; 1 drivers
v0x13c3f30_0 .net *"_s252", 3 0, L_0x13f3760; 1 drivers
v0x13c3fd0_0 .net *"_s255", 0 0, C4<0>; 1 drivers
v0x13c4070_0 .net *"_s256", 3 0, C4<0000>; 1 drivers
v0x13c4500_0 .net *"_s258", 0 0, L_0x13f49f0; 1 drivers
v0x13c4580_0 .net *"_s26", 16 0, L_0x13eea20; 1 drivers
v0x13c4230_0 .net *"_s260", 3 0, L_0x13f4b30; 1 drivers
v0x13c42d0_0 .net *"_s263", 0 0, C4<0>; 1 drivers
v0x13c4370_0 .net *"_s264", 3 0, C4<0001>; 1 drivers
v0x13c4410_0 .net *"_s266", 0 0, L_0x13f4ee0; 1 drivers
v0x13c4900_0 .net *"_s268", 0 0, L_0x13f5020; 1 drivers
v0x13c4980_0 .net *"_s270", 0 0, L_0x13f3920; 1 drivers
v0x13c4600_0 .net *"_s29", 0 0, C4<0>; 1 drivers
v0x13c46a0_0 .net *"_s3", 0 0, C4<0>; 1 drivers
v0x13c4740_0 .net *"_s30", 16 0, L_0x13eeb60; 1 drivers
v0x13c47e0_0 .net *"_s33", 0 0, C4<0>; 1 drivers
v0x13c4880_0 .net *"_s34", 16 0, L_0x13eec50; 1 drivers
v0x13c4d30_0 .net *"_s36", 16 0, C4<xxxxxxxxxxxxxxxxx>; 1 drivers
v0x13c4a20_0 .net *"_s38", 16 0, L_0x13ef5e0; 1 drivers
v0x13c4ac0_0 .net *"_s4", 3 0, C4<0000>; 1 drivers
v0x13c4b60_0 .net *"_s42", 3 0, L_0x13ef8d0; 1 drivers
v0x13c4c00_0 .net *"_s45", 0 0, C4<0>; 1 drivers
v0x13c4ca0_0 .net *"_s46", 3 0, C4<0001>; 1 drivers
v0x13c5130_0 .net *"_s48", 0 0, L_0x13eefd0; 1 drivers
v0x13c4dd0_0 .net *"_s51", 0 0, L_0x13ef190; 1 drivers
v0x13c4e70_0 .net *"_s53", 0 0, L_0x13ef230; 1 drivers
v0x13c4f10_0 .net *"_s54", 0 0, L_0x13efe80; 1 drivers
v0x13c4fb0_0 .net *"_s59", 0 0, L_0x13effe0; 1 drivers
v0x13c5050_0 .net *"_s6", 0 0, L_0x13ecfe0; 1 drivers
v0x13c5540_0 .net *"_s60", 0 0, L_0x13f0080; 1 drivers
v0x13c51b0_0 .net *"_s63", 0 0, L_0x13f0130; 1 drivers
v0x13c5250_0 .net *"_s64", 0 0, L_0x13ef360; 1 drivers
v0x13c52f0_0 .net *"_s66", 0 0, L_0x13f02c0; 1 drivers
v0x13c5390_0 .net *"_s69", 0 0, L_0x13f03c0; 1 drivers
v0x13c5430_0 .net *"_s70", 0 0, L_0x13f04b0; 1 drivers
v0x13c5980_0 .net *"_s72", 0 0, L_0x13f05f0; 1 drivers
v0x13c55c0_0 .net *"_s77", 0 0, L_0x13f07f0; 1 drivers
v0x13c5660_0 .net *"_s79", 0 0, L_0x13f01d0; 1 drivers
v0x13c5700_0 .net *"_s8", 16 0, L_0x13ed120; 1 drivers
v0x13c57a0_0 .net *"_s80", 0 0, L_0x13ee560; 1 drivers
v0x13c5840_0 .net *"_s83", 0 0, L_0x13f0af0; 1 drivers
v0x13c58e0_0 .net *"_s84", 0 0, L_0x13f0890; 1 drivers
v0x13c5e00_0 .net *"_s86", 0 0, L_0x13f0cb0; 1 drivers
v0x13c5e80_0 .net *"_s88", 0 0, L_0x13f0d60; 1 drivers
v0x13c5a00_0 .net *"_s92", 16 0, C4<00111111111111111>; 1 drivers
v0x13c5aa0_0 .net *"_s94", 16 0, C4<01000000000000000>; 1 drivers
v0x13c5b40_0 .net *"_s96", 16 0, L_0x13efa00; 1 drivers
v0x13c5be0_0 .net "arithmetic_temp", 16 0, L_0x13ef6d0; 1 drivers
v0x13c5c80_0 .alias "clk", 0 0, v0x13db720_0;
v0x13c5d00_0 .alias "dst", 15 0, v0x13db490_0;
v0x13c6340_0 .net "exception", 0 0, L_0x13efee0; 1 drivers
v0x13c63c0_0 .net "n", 0 0, L_0x13f3a60; 1 drivers
v0x13c5f00_0 .alias "ops", 2 0, v0x13dbb70_0;
v0x13c5fa0_0 .net "ov", 0 0, L_0x13f5800; 1 drivers
v0x13c6040_0 .net "ov_neg", 0 0, L_0x13f0c50; 1 drivers
v0x13c60e0_0 .net "ov_pos", 0 0, L_0x13f06a0; 1 drivers
v0x13c6180_0 .alias "prev_br_ctrl", 0 0, v0x13db590_0;
v0x13c6200_0 .alias "rst_n", 0 0, v0x13dcb90_0;
v0x13c68c0_0 .alias "shamt", 3 0, v0x13dce70_0;
v0x13c6940_0 .alias "src0", 15 0, v0x13c82f0_0;
v0x13c6440_0 .alias "src1", 15 0, v0x13c8790_0;
v0x13c64e0_0 .net "temp_dst", 16 0, L_0x13efb80; 1 drivers
v0x13c6580_0 .net "zr", 0 0, L_0x13f3670; 1 drivers
L_0x13ee840 .concat [ 3 1 0 0], v0x13c8db0_0, C4<0>;
L_0x13ecfe0 .cmp/eq 4, L_0x13ee840, C4<0000>;
L_0x13ed120 .concat [ 16 1 0 0], L_0x13ee7a0, C4<0>;
L_0x13ed200 .concat [ 16 1 0 0], L_0x13f9a50, C4<0>;
L_0x13eed20 .arith/sum 17, L_0x13ed120, L_0x13ed200;
L_0x13eee60 .concat [ 3 1 0 0], v0x13c8db0_0, C4<0>;
L_0x13ee8e0 .cmp/eq 4, L_0x13eee60, C4<0001>;
L_0x13eea20 .concat [ 16 1 0 0], L_0x13ee7a0, C4<0>;
L_0x13eeb60 .concat [ 16 1 0 0], L_0x13f9a50, C4<0>;
L_0x13eec50 .arith/sub 17, L_0x13eea20, L_0x13eeb60;
L_0x13ef5e0 .functor MUXZ 17, C4<xxxxxxxxxxxxxxxxx>, L_0x13eec50, L_0x13ee8e0, C4<>;
L_0x13ef6d0 .functor MUXZ 17, L_0x13ef5e0, L_0x13eed20, L_0x13ecfe0, C4<>;
L_0x13ef8d0 .concat [ 3 1 0 0], v0x13c8db0_0, C4<0>;
L_0x13eefd0 .cmp/eq 4, L_0x13ef8d0, C4<0001>;
L_0x13ef190 .part L_0x13ee7a0, 15, 1;
L_0x13ef230 .part L_0x13f9a50, 15, 1;
L_0x13effe0 .part L_0x13f9a50, 15, 1;
L_0x13f0130 .part L_0x13ee7a0, 15, 1;
L_0x13f03c0 .part L_0x13ef6d0, 15, 1;
L_0x13f07f0 .part L_0x13f9a50, 15, 1;
L_0x13f01d0 .part L_0x13ee7a0, 15, 1;
L_0x13f0af0 .part L_0x13ef6d0, 15, 1;
L_0x13efa00 .functor MUXZ 17, L_0x13ef6d0, C4<01000000000000000>, L_0x13f0c50, C4<>;
L_0x13efb80 .functor MUXZ 17, L_0x13efa00, C4<00111111111111111>, L_0x13f06a0, C4<>;
L_0x13efcf0 .concat [ 3 1 0 0], v0x13c8db0_0, C4<0>;
L_0x13efdd0 .cmp/eq 4, L_0x13efcf0, C4<0000>;
L_0x13efc20 .concat [ 3 1 0 0], v0x13c8db0_0, C4<0>;
L_0x13f10b0 .cmp/eq 4, L_0x13efc20, C4<0001>;
L_0x13f1980 .concat [ 3 1 0 0], v0x13c8db0_0, C4<0>;
L_0x13f1400 .cmp/eq 4, L_0x13f1980, C4<0010>;
L_0x13f1580 .concat [ 16 1 0 0], L_0x13c1630, C4<0>;
L_0x13f16c0 .concat [ 3 1 0 0], v0x13c8db0_0, C4<0>;
L_0x13f1230 .cmp/eq 4, L_0x13f16c0, C4<0011>;
L_0x13f1cd0 .concat [ 16 1 0 0], L_0x13f1c20, C4<0>;
L_0x13f1760 .concat [ 3 1 0 0], v0x13c8db0_0, C4<0>;
L_0x13f2550 .cmp/eq 4, L_0x13f1760, C4<0100>;
L_0x13f1e50 .shift/l 16, L_0x13ee7a0, v0x13ca100_0;
L_0x13f2770 .concat [ 16 1 0 0], L_0x13f1e50, C4<0>;
L_0x13f2640 .concat [ 3 1 0 0], v0x13c8db0_0, C4<0>;
L_0x13f2060 .cmp/eq 4, L_0x13f2640, C4<0101>;
L_0x13f22f0 .shift/r 16, L_0x13ee7a0, v0x13ca100_0;
L_0x13f2390 .concat [ 16 1 0 0], L_0x13f22f0, C4<0>;
L_0x13f21a0 .concat [ 3 1 0 0], v0x13c8db0_0, C4<0>;
L_0x13f28b0 .cmp/eq 4, L_0x13f21a0, C4<0111>;
L_0x13f3080 .shift/rs 16, L_0x13ee7a0, v0x13ca100_0;
L_0x13f3120 .concat [ 16 1 0 0], L_0x13f3080, C4<0>;
L_0x13f29f0 .concat [ 3 1 0 0], v0x13c8db0_0, C4<0>;
L_0x13f3390 .cmp/eq 4, L_0x13f29f0, C4<0110>;
L_0x13f3210 .part L_0x13ee7a0, 0, 8;
L_0x13f32b0 .part L_0x13f9a50, 0, 8;
L_0x13f3480 .concat [ 8 8 0 0], L_0x13f32b0, L_0x13f3210;
L_0x13f2c80 .concat [ 16 1 0 0], L_0x13f3480, C4<0>;
L_0x13f2f20 .functor MUXZ 17, C4<xxxxxxxxxxxxxxxxx>, L_0x13f2c80, L_0x13f3390, C4<>;
L_0x13f2b80 .functor MUXZ 17, L_0x13f2f20, L_0x13f3120, L_0x13f28b0, C4<>;
L_0x13f2e10 .functor MUXZ 17, L_0x13f2b80, L_0x13f2390, L_0x13f2060, C4<>;
L_0x13f3db0 .functor MUXZ 17, L_0x13f2e10, L_0x13f2770, L_0x13f2550, C4<>;
L_0x13f3c40 .functor MUXZ 17, L_0x13f3db0, L_0x13f1cd0, L_0x13f1230, C4<>;
L_0x13f4110 .functor MUXZ 17, L_0x13f3c40, L_0x13f1580, L_0x13f1400, C4<>;
L_0x13f3f40 .functor MUXZ 17, L_0x13f4110, L_0x13efb80, L_0x13f0f00, C4<>;
L_0x13f4480 .part L_0x13f3f40, 0, 16;
L_0x13f41b0 .concat [ 3 1 0 0], v0x13c8db0_0, C4<0>;
L_0x13f1360 .cmp/eq 4, L_0x13f41b0, C4<0000>;
L_0x13f42f0 .concat [ 3 1 0 0], v0x13c8db0_0, C4<0>;
L_0x13f4640 .cmp/eq 4, L_0x13f42f0, C4<0001>;
L_0x13f39c0 .part L_0x13f4480, 15, 1;
L_0x13f3a60 .functor MUXZ 1, v0x13c0be0_0, L_0x13f39c0, L_0x13f3820, C4<>;
L_0x13f3670 .reduce/and L_0x13f3610;
L_0x13f3760 .concat [ 3 1 0 0], v0x13c8db0_0, C4<0>;
L_0x13f49f0 .cmp/eq 4, L_0x13f3760, C4<0000>;
L_0x13f4b30 .concat [ 3 1 0 0], v0x13c8db0_0, C4<0>;
L_0x13f4ee0 .cmp/eq 4, L_0x13f4b30, C4<0001>;
L_0x13f5800 .functor MUXZ 1, v0x13c0c60_0, L_0x13f3920, L_0x13f5020, C4<>;
S_0x13bfc50 .scope module, "BPC" "br_pc_calc" 12 73, 15 4, S_0x13bc0f0;
 .timescale 0 0;
P_0x13bca78 .param/l "bOp" 15 16, C4<1100>;
v0x13bf8d0_0 .net *"_s10", 0 0, L_0x13f51d0; 1 drivers
v0x13bfd60_0 .net *"_s12", 15 0, C4<0000000000000001>; 1 drivers
v0x13bfe00_0 .net *"_s14", 15 0, L_0x13f5350; 1 drivers
v0x13bfea0_0 .net *"_s16", 15 0, L_0x13f5500; 1 drivers
v0x13bff20_0 .net *"_s19", 6 0, C4<0000000>; 1 drivers
v0x13bffc0_0 .net *"_s20", 15 0, L_0x13f61d0; 1 drivers
v0x13c00a0_0 .net *"_s22", 15 0, C4<xxxxxxxxxxxxxxxx>; 1 drivers
v0x13c0140_0 .net *"_s4", 4 0, L_0x13f5af0; 1 drivers
v0x13c01e0_0 .net *"_s7", 0 0, C4<0>; 1 drivers
v0x13c0280_0 .net *"_s8", 4 0, C4<01100>; 1 drivers
v0x13c0320_0 .net "br_offset", 8 0, L_0x13f4d50; 1 drivers
v0x13c03c0_0 .alias "br_pc", 15 0, v0x13db7a0_0;
v0x13c0460_0 .alias "instr", 15 0, v0x13dc2b0_0;
v0x13c0500_0 .net "opcode", 3 0, L_0x13f4cb0; 1 drivers
v0x13c0620_0 .alias "pc", 15 0, v0x13c85a0_0;
L_0x13f4cb0 .part v0x13c9100_0, 12, 4;
L_0x13f4d50 .part v0x13c9100_0, 0, 9;
L_0x13f5af0 .concat [ 4 1 0 0], L_0x13f4cb0, C4<0>;
L_0x13f51d0 .cmp/eq 5, L_0x13f5af0, C4<01100>;
L_0x13f5350 .arith/sum 16, C4<zzzzzzzzzzzzzzzz>, C4<0000000000000001>;
L_0x13f5500 .concat [ 9 7 0 0], L_0x13f4d50, C4<0000000>;
L_0x13f61d0 .arith/sum 16, L_0x13f5350, L_0x13f5500;
L_0x13f5c30 .functor MUXZ 16, C4<xxxxxxxxxxxxxxxx>, L_0x13f61d0, L_0x13f51d0, C4<>;
S_0x13bc1e0 .scope module, "BC" "br_ctrl" 12 81, 16 5, S_0x13bc0f0;
 .timescale 0 0;
P_0x13bc2d8 .param/l "bOp" 16 14, C4<1100>;
P_0x13bc300 .param/l "eq" 16 18, C4<001>;
P_0x13bc328 .param/l "gt" 16 19, C4<010>;
P_0x13bc350 .param/l "gte" 16 21, C4<100>;
P_0x13bc378 .param/l "lt" 16 20, C4<011>;
P_0x13bc3a0 .param/l "lte" 16 22, C4<101>;
P_0x13bc3c8 .param/l "neq" 16 17, C4<000>;
P_0x13bc3f0 .param/l "ovfl" 16 23, C4<110>;
P_0x13bc418 .param/l "uncond" 16 24, C4<111>;
L_0x13f63f0 .functor XNOR 1, v0x13c0d10_0, C4<0>, C4<0>, C4<0>;
L_0x13f64e0 .functor AND 1, L_0x13f6270, L_0x13f63f0, C4<1>, C4<1>;
L_0x13f65e0 .functor AND 1, L_0x13f5f40, L_0x13f64e0, C4<1>, C4<1>;
L_0x13f6a30 .functor XNOR 1, v0x13c0d10_0, C4<1>, C4<0>, C4<0>;
L_0x13f6ae0 .functor AND 1, L_0x13f6870, L_0x13f6a30, C4<1>, C4<1>;
L_0x13f6be0 .functor OR 1, L_0x13f65e0, L_0x13f6ae0, C4<0>, C4<0>;
L_0x13f7020 .functor XNOR 1, v0x13c0d10_0, C4<0>, C4<0>, C4<0>;
L_0x13f7080 .functor AND 1, L_0x13f6e90, L_0x13f7020, C4<1>, C4<1>;
L_0x13f71d0 .functor XNOR 1, v0x13c0be0_0, C4<0>, C4<0>, C4<0>;
L_0x13f7280 .functor AND 1, L_0x13f7080, L_0x13f71d0, C4<1>, C4<1>;
L_0x13f73e0 .functor OR 1, L_0x13f6be0, L_0x13f7280, C4<0>, C4<0>;
L_0x13f76a0 .functor XNOR 1, v0x13c0be0_0, C4<1>, C4<0>, C4<0>;
L_0x13f7380 .functor AND 1, L_0x13f74c0, L_0x13f76a0, C4<1>, C4<1>;
L_0x13f7810 .functor OR 1, L_0x13f73e0, L_0x13f7380, C4<0>, C4<0>;
L_0x13f7600 .functor XNOR 1, v0x13c0be0_0, C4<0>, C4<0>, C4<0>;
L_0x13f7ca0 .functor AND 1, L_0x13f8280, L_0x13f7600, C4<1>, C4<1>;
L_0x13f7e30 .functor OR 1, L_0x13f7810, L_0x13f7ca0, C4<0>, C4<0>;
L_0x13f8220 .functor XNOR 1, v0x13c0be0_0, C4<1>, C4<0>, C4<0>;
L_0x13ef2d0 .functor AND 1, L_0x13f8060, L_0x13f8220, C4<1>, C4<1>;
L_0x13f8470 .functor XNOR 1, v0x13c0d10_0, C4<1>, C4<0>, C4<0>;
L_0x13f8bd0 .functor AND 1, L_0x13ef2d0, L_0x13f8470, C4<1>, C4<1>;
L_0x13f8670 .functor OR 1, L_0x13f7e30, L_0x13f8bd0, C4<0>, C4<0>;
L_0x13f8a50 .functor XNOR 1, v0x13c0c60_0, C4<1>, C4<0>, C4<0>;
L_0x13f9330 .functor AND 1, L_0x13f8880, L_0x13f8a50, C4<1>, C4<1>;
L_0x13f8770 .functor OR 1, L_0x13f8670, L_0x13f9330, C4<0>, C4<0>;
L_0x13f89c0 .functor OR 1, L_0x13f8770, L_0x13f8cc0, C4<0>, C4<0>;
v0x13bc6f0_0 .alias "N", 0 0, v0x13da710_0;
v0x13bc790_0 .alias "V", 0 0, v0x13da790_0;
v0x13bc830_0 .alias "Z", 0 0, v0x13da810_0;
v0x13bc8d0_0 .net *"_s0", 4 0, L_0x13f5e50; 1 drivers
v0x13bc950_0 .net *"_s100", 0 0, L_0x13f8060; 1 drivers
v0x13bc9f0_0 .net *"_s102", 0 0, C4<1>; 1 drivers
v0x13bcad0_0 .net *"_s104", 0 0, L_0x13f8220; 1 drivers
v0x13bcb70_0 .net *"_s106", 0 0, L_0x13ef2d0; 1 drivers
v0x13bcc60_0 .net *"_s108", 0 0, C4<1>; 1 drivers
v0x13bcd00_0 .net *"_s11", 0 0, C4<0>; 1 drivers
v0x13bcda0_0 .net *"_s110", 0 0, L_0x13f8470; 1 drivers
v0x13bce40_0 .net *"_s112", 0 0, L_0x13f8bd0; 1 drivers
v0x13bcee0_0 .net *"_s114", 0 0, L_0x13f8670; 1 drivers
v0x13bcf80_0 .net *"_s116", 3 0, L_0x13f8520; 1 drivers
v0x13bd0a0_0 .net *"_s119", 0 0, C4<0>; 1 drivers
v0x13bd140_0 .net *"_s12", 3 0, C4<0000>; 1 drivers
v0x13bd000_0 .net *"_s120", 3 0, C4<0110>; 1 drivers
v0x13bd290_0 .net *"_s122", 0 0, L_0x13f8880; 1 drivers
v0x13bd3b0_0 .net *"_s124", 0 0, C4<1>; 1 drivers
v0x13bd430_0 .net *"_s126", 0 0, L_0x13f8a50; 1 drivers
v0x13bd310_0 .net *"_s128", 0 0, L_0x13f9330; 1 drivers
v0x13bd560_0 .net *"_s130", 0 0, L_0x13f8770; 1 drivers
v0x13bd4b0_0 .net *"_s132", 3 0, L_0x13f9550; 1 drivers
v0x13bd6a0_0 .net *"_s135", 0 0, C4<0>; 1 drivers
v0x13bd600_0 .net *"_s136", 3 0, C4<0111>; 1 drivers
v0x13bd7f0_0 .net *"_s138", 0 0, L_0x13f8cc0; 1 drivers
v0x13bd740_0 .net *"_s14", 0 0, L_0x13f6270; 1 drivers
v0x13bd950_0 .net *"_s140", 0 0, L_0x13f89c0; 1 drivers
v0x13bd890_0 .net *"_s142", 0 0, C4<1>; 1 drivers
v0x13bdac0_0 .net *"_s144", 0 0, C4<0>; 1 drivers
v0x13bd9d0_0 .net *"_s16", 0 0, C4<0>; 1 drivers
v0x13bdc40_0 .net *"_s18", 0 0, L_0x13f63f0; 1 drivers
v0x13bdb40_0 .net *"_s20", 0 0, L_0x13f64e0; 1 drivers
v0x13bddd0_0 .net *"_s22", 0 0, L_0x13f65e0; 1 drivers
v0x13bdcc0_0 .net *"_s24", 3 0, L_0x13f66e0; 1 drivers
v0x13bdf70_0 .net *"_s27", 0 0, C4<0>; 1 drivers
v0x13bde50_0 .net *"_s28", 3 0, C4<0001>; 1 drivers
v0x13bdef0_0 .net *"_s3", 0 0, C4<0>; 1 drivers
v0x13be130_0 .net *"_s30", 0 0, L_0x13f6870; 1 drivers
v0x13be1b0_0 .net *"_s32", 0 0, C4<1>; 1 drivers
v0x13bdff0_0 .net *"_s34", 0 0, L_0x13f6a30; 1 drivers
v0x13be090_0 .net *"_s36", 0 0, L_0x13f6ae0; 1 drivers
v0x13be390_0 .net *"_s38", 0 0, L_0x13f6be0; 1 drivers
v0x13be410_0 .net *"_s4", 4 0, C4<01100>; 1 drivers
v0x13be230_0 .net *"_s40", 3 0, L_0x13f6ce0; 1 drivers
v0x13be2d0_0 .net *"_s43", 0 0, C4<0>; 1 drivers
v0x13be610_0 .net *"_s44", 3 0, C4<0010>; 1 drivers
v0x13be690_0 .net *"_s46", 0 0, L_0x13f6e90; 1 drivers
v0x13be4b0_0 .net *"_s48", 0 0, C4<0>; 1 drivers
v0x13be550_0 .net *"_s50", 0 0, L_0x13f7020; 1 drivers
v0x13be8b0_0 .net *"_s52", 0 0, L_0x13f7080; 1 drivers
v0x13be930_0 .net *"_s54", 0 0, C4<0>; 1 drivers
v0x13be730_0 .net *"_s56", 0 0, L_0x13f71d0; 1 drivers
v0x13be7d0_0 .net *"_s58", 0 0, L_0x13f7280; 1 drivers
v0x13beb70_0 .net *"_s6", 0 0, L_0x13f5f40; 1 drivers
v0x13bebf0_0 .net *"_s60", 0 0, L_0x13f73e0; 1 drivers
v0x13be9b0_0 .net *"_s62", 3 0, L_0x13f7b20; 1 drivers
v0x13bea50_0 .net *"_s65", 0 0, C4<0>; 1 drivers
v0x13beaf0_0 .net *"_s66", 3 0, C4<0011>; 1 drivers
v0x13bee70_0 .net *"_s68", 0 0, L_0x13f74c0; 1 drivers
v0x13bec90_0 .net *"_s70", 0 0, C4<1>; 1 drivers
v0x13bed30_0 .net *"_s72", 0 0, L_0x13f76a0; 1 drivers
v0x13bedd0_0 .net *"_s74", 0 0, L_0x13f7380; 1 drivers
v0x13bf110_0 .net *"_s76", 0 0, L_0x13f7810; 1 drivers
v0x13bef10_0 .net *"_s78", 3 0, L_0x13f7990; 1 drivers
v0x13befb0_0 .net *"_s8", 3 0, L_0x13f6080; 1 drivers
v0x13bf050_0 .net *"_s81", 0 0, C4<0>; 1 drivers
v0x13bf3b0_0 .net *"_s82", 3 0, C4<0100>; 1 drivers
v0x13bf1b0_0 .net *"_s84", 0 0, L_0x13f8280; 1 drivers
v0x13bf250_0 .net *"_s86", 0 0, C4<0>; 1 drivers
v0x13bf2f0_0 .net *"_s88", 0 0, L_0x13f7600; 1 drivers
v0x13bf670_0 .net *"_s90", 0 0, L_0x13f7ca0; 1 drivers
v0x13bf430_0 .net *"_s92", 0 0, L_0x13f7e30; 1 drivers
v0x13bf4d0_0 .net *"_s94", 3 0, L_0x13f7f30; 1 drivers
v0x13bf570_0 .net *"_s97", 0 0, C4<0>; 1 drivers
v0x13bf950_0 .net *"_s98", 3 0, C4<0101>; 1 drivers
v0x13bf6f0_0 .net "br_cond", 2 0, L_0x13f9250; 1 drivers
v0x13bf790_0 .alias "br_ctrl", 0 0, v0x13db650_0;
v0x13bf810_0 .net "opcode", 3 0, L_0x13f9160; 1 drivers
L_0x13f5e50 .concat [ 4 1 0 0], L_0x13f9160, C4<0>;
L_0x13f5f40 .cmp/eq 5, L_0x13f5e50, C4<01100>;
L_0x13f6080 .concat [ 3 1 0 0], L_0x13f9250, C4<0>;
L_0x13f6270 .cmp/eq 4, L_0x13f6080, C4<0000>;
L_0x13f66e0 .concat [ 3 1 0 0], L_0x13f9250, C4<0>;
L_0x13f6870 .cmp/eq 4, L_0x13f66e0, C4<0001>;
L_0x13f6ce0 .concat [ 3 1 0 0], L_0x13f9250, C4<0>;
L_0x13f6e90 .cmp/eq 4, L_0x13f6ce0, C4<0010>;
L_0x13f7b20 .concat [ 3 1 0 0], L_0x13f9250, C4<0>;
L_0x13f74c0 .cmp/eq 4, L_0x13f7b20, C4<0011>;
L_0x13f7990 .concat [ 3 1 0 0], L_0x13f9250, C4<0>;
L_0x13f8280 .cmp/eq 4, L_0x13f7990, C4<0100>;
L_0x13f7f30 .concat [ 3 1 0 0], L_0x13f9250, C4<0>;
L_0x13f8060 .cmp/eq 4, L_0x13f7f30, C4<0101>;
L_0x13f8520 .concat [ 3 1 0 0], L_0x13f9250, C4<0>;
L_0x13f8880 .cmp/eq 4, L_0x13f8520, C4<0110>;
L_0x13f9550 .concat [ 3 1 0 0], L_0x13f9250, C4<0>;
L_0x13f8cc0 .cmp/eq 4, L_0x13f9550, C4<0111>;
L_0x13f9020 .functor MUXZ 1, C4<0>, C4<1>, L_0x13f89c0, C4<>;
S_0x13ba610 .scope module, "EX_MEM" "EX_MEM_FF" 3 194, 17 1, S_0x12c5040;
 .timescale -8 -8;
v0x13ba700_0 .net "N_EX", 0 0, C4<z>; 0 drivers
v0x13ba780_0 .var "N_MEM", 0 0;
v0x13ba800_0 .net "V_EX", 0 0, C4<z>; 0 drivers
v0x13ba880_0 .var "V_MEM", 0 0;
v0x13ba930_0 .net "Z_EX", 0 0, C4<z>; 0 drivers
v0x13ba9b0_0 .var "Z_MEM", 0 0;
v0x13baa90_0 .alias "alu_result_EX", 15 0, v0x13db490_0;
v0x13bab30_0 .var "alu_result_MEM", 15 0;
v0x13bac00_0 .alias "b_ctrl_EX", 0 0, v0x13db650_0;
v0x13bac80_0 .var "b_ctrl_MEM", 0 0;
v0x13bad20_0 .alias "clk", 0 0, v0x13db720_0;
v0x13bada0_0 .alias "dst_addr_EX", 3 0, v0x13db900_0;
v0x13bae40_0 .var "dst_addr_MEM", 3 0;
v0x13baec0_0 .alias "hlt_EX", 0 0, v0x13dbcf0_0;
v0x13bafe0_0 .var "hlt_MEM", 0 0;
v0x13bb090_0 .net "next_N", 0 0, L_0x13fbae0; 1 drivers
v0x13baf40_0 .net "next_V", 0 0, L_0x13fbc20; 1 drivers
v0x13bb1c0_0 .net "next_Z", 0 0, L_0x13fbb80; 1 drivers
v0x13bb2e0_0 .net "next_alu_result", 15 0, L_0x13fa4f0; 1 drivers
v0x13bb360_0 .net "next_b_ctrl", 0 0, L_0x13fbcc0; 1 drivers
v0x13bb240_0 .net "next_dst_addr", 3 0, L_0x13fb770; 1 drivers
v0x13bb490_0 .net "next_hlt", 0 0, L_0x13fbe70; 1 drivers
v0x13bb3e0_0 .net "next_re_mem", 0 0, L_0x13fb480; 1 drivers
v0x13bb5d0_0 .net "next_sdata", 15 0, L_0x13fb8a0; 1 drivers
v0x13bb530_0 .net "next_wb_sel", 0 0, L_0x13fb640; 1 drivers
v0x13bb720_0 .net "next_we_mem", 0 0, L_0x13fb230; 1 drivers
v0x13bb670_0 .net "next_we_rf", 0 0, L_0x13fb190; 1 drivers
v0x13bb880_0 .alias "re_mem_EX", 0 0, v0x13dc9e0_0;
v0x13bb7c0_0 .var "re_mem_MEM", 0 0;
v0x13bb9f0_0 .alias "rst_n", 0 0, v0x13dcb90_0;
v0x13bb900_0 .alias "sdata_EX", 15 0, v0x13dcc90_0;
v0x13bbb70_0 .var "sdata_MEM", 15 0;
v0x13bba70_0 .alias "stall", 0 0, v0x13dd1f0_0;
v0x13bbd00_0 .alias "wb_sel_EX", 0 0, v0x13dd530_0;
v0x13bbbf0_0 .var "wb_sel_MEM", 0 0;
v0x13bbc70_0 .alias "we_mem_EX", 0 0, v0x13dd850_0;
v0x13bbeb0_0 .var "we_mem_MEM", 0 0;
v0x13bbf30_0 .alias "we_rf_EX", 0 0, v0x13ddb00_0;
v0x13bbd80_0 .var "we_rf_MEM", 0 0;
L_0x13fa4f0 .functor MUXZ 16, L_0x13f4480, v0x13bab30_0, L_0x13dcd10, C4<>;
L_0x13fb190 .functor MUXZ 1, L_0x13fa310, v0x13bbd80_0, L_0x13dcd10, C4<>;
L_0x13fb230 .functor MUXZ 1, v0x13ca580_0, v0x13bbeb0_0, L_0x13dcd10, C4<>;
L_0x13fb480 .functor MUXZ 1, v0x13c9f60_0, v0x13bb7c0_0, L_0x13dcd10, C4<>;
L_0x13fb640 .functor MUXZ 1, v0x13ca2a0_0, v0x13bbbf0_0, L_0x13dcd10, C4<>;
L_0x13fb770 .functor MUXZ 4, v0x13ba2e0_0, v0x13bae40_0, L_0x13dcd10, C4<>;
L_0x13fb8a0 .functor MUXZ 16, L_0x13edf00, v0x13bbb70_0, L_0x13dcd10, C4<>;
L_0x13fbae0 .functor MUXZ 1, C4<z>, v0x13ba780_0, L_0x13dcd10, C4<>;
L_0x13fbb80 .functor MUXZ 1, C4<z>, v0x13ba9b0_0, L_0x13dcd10, C4<>;
L_0x13fbc20 .functor MUXZ 1, C4<z>, v0x13ba880_0, L_0x13dcd10, C4<>;
L_0x13fbcc0 .functor MUXZ 1, L_0x13f9020, v0x13bac80_0, L_0x13dcd10, C4<>;
L_0x13fbe70 .functor MUXZ 1, v0x13c8eb0_0, v0x13bafe0_0, L_0x13dcd10, C4<>;
S_0x13b9c00 .scope module, "memory" "MEM" 3 232, 18 1, S_0x12c5040;
 .timescale -8 -8;
v0x13ba1c0_0 .alias "addr", 15 0, v0x13db1f0_0;
v0x13ba260_0 .alias "clk", 0 0, v0x13db720_0;
v0x13ba370_0 .alias "ldata", 15 0, v0x13dc5b0_0;
v0x13ba3f0_0 .alias "re_mem", 0 0, v0x13dcdf0_0;
v0x13ba4a0_0 .alias "sdata", 15 0, v0x13dd070_0;
v0x13ba550_0 .alias "we_mem", 0 0, v0x13ddd20_0;
S_0x13b9cf0 .scope module, "data_memory" "DM" 18 8, 19 1, S_0x13b9c00;
 .timescale -8 -8;
v0x13b9de0_0 .alias "addr", 15 0, v0x13db1f0_0;
v0x13b9ea0_0 .alias "clk", 0 0, v0x13db720_0;
v0x13b9f20 .array "data_mem", 65535 0, 15 0;
v0x13b9fa0_0 .var "rd_data", 15 0;
v0x13ba020_0 .alias "re", 0 0, v0x13dcdf0_0;
v0x13ba0a0_0 .alias "we", 0 0, v0x13ddd20_0;
v0x13ba120_0 .alias "wrt_data", 15 0, v0x13dd070_0;
E_0x13b88f0 .event posedge, v0x13b4db0_0;
E_0x13b6530 .event edge, v0x13b4db0_0, v0x13ba020_0, v0x13b9de0_0;
S_0x13b8cf0 .scope module, "MEM_WB" "MEM_WB_FF" 3 250, 20 1, S_0x12c5040;
 .timescale -8 -8;
v0x13b8de0_0 .alias "alu_result_MEM", 15 0, v0x13db510_0;
v0x13b8e60_0 .var "alu_result_WB", 15 0;
v0x13b8f10_0 .alias "clk", 0 0, v0x13db720_0;
v0x13b8fe0_0 .alias "dst_addr_MEM", 3 0, v0x13dba70_0;
v0x13b90b0_0 .var "dst_addr_WB", 3 0;
v0x13b9180_0 .alias "hlt_MEM", 0 0, v0x13dc050_0;
v0x13b9200_0 .var "hlt_WB", 0 0;
v0x13b9280_0 .alias "ldata_MEM", 15 0, v0x13dc5b0_0;
v0x13b9350_0 .var "ldata_WB", 15 0;
v0x13b93d0_0 .net "next_alu_result", 15 0, L_0x13fc140; 1 drivers
v0x13b9450_0 .net "next_dst_addr", 3 0, L_0x13fc4c0; 1 drivers
v0x13b94d0_0 .net "next_hlt", 0 0, L_0x13fc560; 1 drivers
v0x13b9550_0 .net "next_ldata", 15 0, L_0x13fc010; 1 drivers
v0x13b95f0_0 .net "next_wb_sel", 0 0, L_0x13fc390; 1 drivers
v0x13b9710_0 .net "next_we_rf", 0 0, L_0x13fc2f0; 1 drivers
v0x13b97b0_0 .alias "rst_n", 0 0, v0x13dcb90_0;
v0x13b9670_0 .alias "stall", 0 0, v0x13dd700_0;
v0x13b98e0_0 .alias "wb_sel_MEM", 0 0, v0x13dda00_0;
v0x13b9a00_0 .var "wb_sel_WB", 0 0;
v0x13b9a80_0 .alias "we_rf_MEM", 0 0, v0x13ddc00_0;
v0x13b9960_0 .var "we_rf_WB", 0 0;
L_0x13fc010 .functor MUXZ 16, v0x13b9fa0_0, v0x13b9350_0, L_0x13fc690, C4<>;
L_0x13fc140 .functor MUXZ 16, v0x13bab30_0, v0x13b8e60_0, L_0x13fc690, C4<>;
L_0x13fc2f0 .functor MUXZ 1, v0x13bbd80_0, v0x13b9960_0, L_0x13fc690, C4<>;
L_0x13fc390 .functor MUXZ 1, v0x13bbbf0_0, v0x13b9a00_0, L_0x13fc690, C4<>;
L_0x13fc4c0 .functor MUXZ 4, v0x13bae40_0, v0x13b90b0_0, L_0x13fc690, C4<>;
L_0x13fc560 .functor MUXZ 1, v0x13bafe0_0, v0x13b9200_0, L_0x13fc690, C4<>;
S_0x13b89d0 .scope module, "write_back" "WB" 3 280, 21 1, S_0x12c5040;
 .timescale -8 -8;
v0x13b8ac0_0 .alias "alu_result", 15 0, v0x13db3e0_0;
v0x13b8b40_0 .alias "rd_data", 15 0, v0x13dc3b0_0;
v0x13b8bc0_0 .alias "wb_data", 15 0, v0x13dd420_0;
v0x13b8c40_0 .alias "wb_sel", 0 0, v0x13dd780_0;
L_0x13fc800 .functor MUXZ 16, v0x13b9350_0, v0x13b8e60_0, v0x13b9a00_0, C4<>;
S_0x13b60f0 .scope module, "forwarding_control_unit" "FCU" 3 294, 22 4, S_0x12c5040;
 .timescale -8 -8;
v0x13b8480_0 .alias "EX_MEM_RegWrite", 0 0, v0x13ddc00_0;
v0x13b8500_0 .alias "EX_MEM_RegisterRd", 3 0, v0x13dba70_0;
v0x13b85b0_0 .alias "ForwardA", 1 0, v0x13dbc70_0;
v0x13b8660_0 .alias "ForwardB", 1 0, v0x13dbaf0_0;
v0x13b8740_0 .net "ID_EX_RegisterRs", 3 0, L_0x13fe1e0; 1 drivers
v0x13b87f0_0 .net "ID_EX_RegisterRt", 3 0, L_0x13fe280; 1 drivers
v0x13b8870_0 .alias "MEM_WB_RegWrite", 0 0, v0x13de070_0;
v0x13b8920_0 .alias "MEM_WB_RegisterRd", 3 0, v0x13dbbf0_0;
S_0x13b61e0 .scope module, "FL" "forwarding_logic" 22 25, 23 6, S_0x13b60f0;
 .timescale -8 -8;
L_0x13fcb20 .functor AND 1, v0x13bbd80_0, L_0x13fca80, C4<1>, C4<1>;
L_0x13db980 .functor AND 1, L_0x13fcb20, L_0x13fcb80, C4<1>, C4<1>;
L_0x13d77d0 .functor AND 1, v0x13b9960_0, L_0x13faac0, C4<1>, C4<1>;
L_0x13fae20 .functor AND 1, v0x13bbd80_0, L_0x13fad80, C4<1>, C4<1>;
L_0x13d8a00 .functor AND 1, L_0x13fae20, L_0x13ddc80, C4<1>, C4<1>;
L_0x13fb110 .functor AND 1, L_0x13d77d0, L_0x13fafe0, C4<1>, C4<1>;
L_0x13fd630 .functor AND 1, L_0x13fb110, L_0x13fd500, C4<1>, C4<1>;
L_0x13fd1f0 .functor AND 1, v0x13bbd80_0, L_0x13fd0a0, C4<1>, C4<1>;
L_0x13fd390 .functor AND 1, L_0x13fd1f0, L_0x13fd2a0, C4<1>, C4<1>;
L_0x13fd190 .functor AND 1, v0x13b9960_0, L_0x13fd760, C4<1>, C4<1>;
L_0x13fda00 .functor AND 1, v0x13bbd80_0, L_0x13fd960, C4<1>, C4<1>;
L_0x13fdbd0 .functor AND 1, L_0x13fda00, L_0x13fdab0, C4<1>, C4<1>;
L_0x13fd8c0 .functor AND 1, L_0x13fd190, L_0x13fdcd0, C4<1>, C4<1>;
L_0x13fe7f0 .functor AND 1, L_0x13fd8c0, L_0x13fe630, C4<1>, C4<1>;
v0x13b62d0_0 .alias "EX_MEM_RegWrite", 0 0, v0x13ddc00_0;
v0x13b6370_0 .alias "EX_MEM_RegisterRd", 3 0, v0x13dba70_0;
v0x13b6410_0 .alias "ForwardA", 1 0, v0x13dbc70_0;
v0x13b64b0_0 .alias "ForwardB", 1 0, v0x13dbaf0_0;
v0x13b6560_0 .alias "ID_EX_RegisterRs", 3 0, v0x13b8740_0;
v0x13b6600_0 .alias "ID_EX_RegisterRt", 3 0, v0x13b87f0_0;
v0x13b66a0_0 .alias "MEM_WB_RegWrite", 0 0, v0x13de070_0;
v0x13b6740_0 .alias "MEM_WB_RegisterRd", 3 0, v0x13dbbf0_0;
v0x13b6830_0 .net *"_s0", 3 0, C4<0000>; 1 drivers
v0x13b68d0_0 .net *"_s10", 1 0, C4<10>; 1 drivers
v0x13b6970_0 .net *"_s12", 3 0, C4<0000>; 1 drivers
v0x13b6a10_0 .net *"_s14", 0 0, L_0x13faac0; 1 drivers
v0x13b6ab0_0 .net *"_s16", 0 0, L_0x13d77d0; 1 drivers
v0x13b6b50_0 .net *"_s18", 3 0, C4<0000>; 1 drivers
v0x13b6c70_0 .net *"_s2", 0 0, L_0x13fca80; 1 drivers
v0x13b6d10_0 .net *"_s20", 0 0, L_0x13fad80; 1 drivers
v0x13b6bd0_0 .net *"_s22", 0 0, L_0x13fae20; 1 drivers
v0x13b6e60_0 .net *"_s24", 0 0, L_0x13ddc80; 1 drivers
v0x13b6f80_0 .net *"_s26", 0 0, L_0x13d8a00; 1 drivers
v0x13b7000_0 .net *"_s29", 0 0, L_0x13fafe0; 1 drivers
v0x13b6ee0_0 .net *"_s30", 0 0, L_0x13fb110; 1 drivers
v0x13b7130_0 .net *"_s32", 0 0, L_0x13fd500; 1 drivers
v0x13b7080_0 .net *"_s34", 0 0, L_0x13fd630; 1 drivers
v0x13b7270_0 .net *"_s36", 1 0, C4<01>; 1 drivers
v0x13b71d0_0 .net *"_s38", 1 0, C4<00>; 1 drivers
v0x13b73c0_0 .net *"_s4", 0 0, L_0x13fcb20; 1 drivers
v0x13b7310_0 .net *"_s40", 1 0, L_0x13fcd30; 1 drivers
v0x13b7520_0 .net *"_s44", 3 0, C4<0000>; 1 drivers
v0x13b7460_0 .net *"_s46", 0 0, L_0x13fd0a0; 1 drivers
v0x13b7690_0 .net *"_s48", 0 0, L_0x13fd1f0; 1 drivers
v0x13b75a0_0 .net *"_s50", 0 0, L_0x13fd2a0; 1 drivers
v0x13b7810_0 .net *"_s52", 0 0, L_0x13fd390; 1 drivers
v0x13b7710_0 .net *"_s54", 1 0, C4<10>; 1 drivers
v0x13b79a0_0 .net *"_s56", 3 0, C4<0000>; 1 drivers
v0x13b7890_0 .net *"_s58", 0 0, L_0x13fd760; 1 drivers
v0x13b7b40_0 .net *"_s6", 0 0, L_0x13fcb80; 1 drivers
v0x13b7a20_0 .net *"_s60", 0 0, L_0x13fd190; 1 drivers
v0x13b7ac0_0 .net *"_s62", 3 0, C4<0000>; 1 drivers
v0x13b7d00_0 .net *"_s64", 0 0, L_0x13fd960; 1 drivers
v0x13b7d80_0 .net *"_s66", 0 0, L_0x13fda00; 1 drivers
v0x13b7bc0_0 .net *"_s68", 0 0, L_0x13fdab0; 1 drivers
v0x13b7c60_0 .net *"_s70", 0 0, L_0x13fdbd0; 1 drivers
v0x13b7f60_0 .net *"_s73", 0 0, L_0x13fdcd0; 1 drivers
v0x13b7fe0_0 .net *"_s74", 0 0, L_0x13fd8c0; 1 drivers
v0x13b7e00_0 .net *"_s76", 0 0, L_0x13fe630; 1 drivers
v0x13b7ea0_0 .net *"_s78", 0 0, L_0x13fe7f0; 1 drivers
v0x13b81e0_0 .net *"_s8", 0 0, L_0x13db980; 1 drivers
v0x13b8260_0 .net *"_s80", 1 0, C4<01>; 1 drivers
v0x13b8080_0 .net *"_s82", 1 0, C4<00>; 1 drivers
v0x13b8120_0 .net *"_s84", 1 0, L_0x13fdec0; 1 drivers
L_0x13fca80 .cmp/ne 4, v0x13bae40_0, C4<0000>;
L_0x13fcb80 .cmp/eq 4, v0x13bae40_0, L_0x13fe1e0;
L_0x13faac0 .cmp/ne 4, v0x13b90b0_0, C4<0000>;
L_0x13fad80 .cmp/ne 4, v0x13bae40_0, C4<0000>;
L_0x13ddc80 .cmp/ne 4, v0x13bae40_0, L_0x13fe1e0;
L_0x13fafe0 .reduce/nor L_0x13d8a00;
L_0x13fd500 .cmp/eq 4, v0x13b90b0_0, L_0x13fe1e0;
L_0x13fcd30 .functor MUXZ 2, C4<00>, C4<01>, L_0x13fd630, C4<>;
L_0x13fcf10 .functor MUXZ 2, L_0x13fcd30, C4<10>, L_0x13db980, C4<>;
L_0x13fd0a0 .cmp/ne 4, v0x13bae40_0, C4<0000>;
L_0x13fd2a0 .cmp/eq 4, v0x13bae40_0, L_0x13fe280;
L_0x13fd760 .cmp/ne 4, v0x13b90b0_0, C4<0000>;
L_0x13fd960 .cmp/ne 4, v0x13bae40_0, C4<0000>;
L_0x13fdab0 .cmp/ne 4, v0x13bae40_0, L_0x13fe280;
L_0x13fdcd0 .reduce/nor L_0x13fdbd0;
L_0x13fe630 .cmp/eq 4, v0x13b90b0_0, L_0x13fe280;
L_0x13fdec0 .functor MUXZ 2, C4<00>, C4<01>, L_0x13fe7f0, C4<>;
L_0x13fe050 .functor MUXZ 2, L_0x13fdec0, C4<10>, L_0x13fd390, C4<>;
S_0x13875d0 .scope module, "hazard_detection_unit" "HDU" 3 311, 24 5, S_0x12c5040;
 .timescale -8 -8;
L_0x1402d50 .functor BUFZ 1, v0x13b55f0_0, C4<0>, C4<0>, C4<0>;
L_0x1402e00 .functor BUFZ 1, v0x13b55f0_0, C4<0>, C4<0>, C4<0>;
v0x13b5c40_0 .alias "clk", 0 0, v0x13db720_0;
v0x13b5ce0_0 .alias "instr", 15 0, v0x13dc330_0;
v0x13b5d90_0 .alias "rst_n", 0 0, v0x13dcb90_0;
v0x13b5e40_0 .alias "stall_EX_MEM", 0 0, v0x13dd320_0;
v0x13b5ef0_0 .alias "stall_ID_EX", 0 0, v0x13dd3a0_0;
v0x13b5f70_0 .alias "stall_IF_ID", 0 0, v0x13dd0f0_0;
v0x13b5ff0_0 .alias "stall_MEM_WB", 0 0, v0x13dd170_0;
v0x13b6070_0 .net "stall_lcl", 0 0, v0x13b55f0_0; 1 drivers
S_0x136dcc0 .scope module, "SL" "stall_logic" 24 14, 25 8, S_0x13875d0;
 .timescale -8 -8;
P_0x13a76c8 .param/l "STATE_NO_STALL" 25 24, C4<01>;
P_0x13a76f0 .param/l "STATE_STALL" 25 25, C4<10>;
P_0x13a7718 .param/l "STATE_START" 25 23, C4<00>;
P_0x13a7740 .param/l "STATE_UNUSED" 25 26, C4<11>;
P_0x13a7768 .param/l "addOp" 25 29, C4<0000>;
P_0x13a7790 .param/l "addzOp" 25 30, C4<0001>;
P_0x13a77b8 .param/l "andOp" 25 32, C4<0011>;
P_0x13a77e0 .param/l "bOp" 25 42, C4<1100>;
P_0x13a7808 .param/l "hltOp" 25 41, C4<1111>;
P_0x13a7830 .param/l "jalOp" 25 43, C4<1101>;
P_0x13a7858 .param/l "jrOp" 25 44, C4<1110>;
P_0x13a7880 .param/l "lhbOp" 25 39, C4<1010>;
P_0x13a78a8 .param/l "llbOp" 25 40, C4<1011>;
P_0x13a78d0 .param/l "lwOp" 25 37, C4<1000>;
P_0x13a78f8 .param/l "norOp" 25 33, C4<0100>;
P_0x13a7920 .param/l "sllOp" 25 34, C4<0101>;
P_0x13a7948 .param/l "sraOp" 25 36, C4<0111>;
P_0x13a7970 .param/l "srlOp" 25 35, C4<0110>;
P_0x13a7998 .param/l "subOp" 25 31, C4<0010>;
P_0x13a79c0 .param/l "swOp" 25 38, C4<1001>;
L_0x13fed00 .functor OR 1, L_0x13fe8e0, L_0x13feb60, C4<0>, C4<0>;
L_0x13feca0 .functor OR 1, L_0x13fed00, L_0x13feee0, C4<0>, C4<0>;
L_0x13ff570 .functor OR 1, L_0x13feca0, L_0x13ff3b0, C4<0>, C4<0>;
L_0x13ff920 .functor OR 1, L_0x13ff570, L_0x13ff7a0, C4<0>, C4<0>;
L_0x13fee50 .functor OR 1, L_0x14004e0, L_0x13ffd50, C4<0>, C4<0>;
L_0x13ffe90 .functor OR 1, L_0x13fee50, L_0x14000b0, C4<0>, C4<0>;
L_0x14001f0 .functor OR 1, L_0x13ffe90, L_0x1400fe0, C4<0>, C4<0>;
L_0x1400960 .functor AND 1, L_0x1400b60, L_0x13ff920, C4<1>, C4<1>;
L_0x1400ca0 .functor OR 1, L_0x1400e30, L_0x1401b90, C4<0>, C4<0>;
L_0x1401d80 .functor AND 1, L_0x1400960, L_0x1400ca0, C4<1>, C4<1>;
L_0x1401c30 .functor AND 1, L_0x14013b0, L_0x14001f0, C4<1>, C4<1>;
L_0x1401730 .functor AND 1, L_0x1401c30, L_0x1401600, C4<1>, C4<1>;
L_0x1401e80 .functor OR 1, L_0x1401d80, L_0x1401730, C4<0>, C4<0>;
L_0x1402820 .functor AND 1, L_0x1401530, L_0x1400820, C4<1>, C4<1>;
L_0x1401a20 .functor AND 1, L_0x1402820, L_0x14029a0, C4<1>, C4<1>;
L_0x1402bc0 .functor OR 1, L_0x1401e80, L_0x1401a20, C4<0>, C4<0>;
v0x12d8840_0 .net *"_s101", 0 0, C4<0>; 1 drivers
v0x13b2290_0 .net *"_s102", 4 0, C4<01001>; 1 drivers
v0x13b2330_0 .net *"_s106", 4 0, L_0x1401120; 1 drivers
v0x13b23d0_0 .net *"_s109", 0 0, C4<0>; 1 drivers
v0x13b2480_0 .net *"_s110", 4 0, C4<01000>; 1 drivers
v0x13b2520_0 .net *"_s112", 0 0, L_0x1400b60; 1 drivers
v0x13b2600_0 .net *"_s114", 0 0, L_0x1400960; 1 drivers
v0x13b26a0_0 .net *"_s116", 0 0, L_0x1400e30; 1 drivers
v0x13b2790_0 .net *"_s118", 0 0, L_0x1401b90; 1 drivers
v0x13b2830_0 .net *"_s12", 4 0, L_0x13ff280; 1 drivers
v0x13b2930_0 .net *"_s120", 0 0, L_0x1400ca0; 1 drivers
v0x13b29d0_0 .net *"_s122", 0 0, L_0x1401d80; 1 drivers
v0x13b2ae0_0 .net *"_s124", 4 0, L_0x1401ee0; 1 drivers
v0x13b2b80_0 .net *"_s127", 0 0, C4<0>; 1 drivers
v0x13b2ca0_0 .net *"_s128", 4 0, C4<01000>; 1 drivers
v0x13b2d40_0 .net *"_s130", 0 0, L_0x14013b0; 1 drivers
v0x13b2c00_0 .net *"_s132", 0 0, L_0x1401c30; 1 drivers
v0x13b2e90_0 .net *"_s134", 0 0, L_0x1401600; 1 drivers
v0x13b2fb0_0 .net *"_s136", 0 0, L_0x1401730; 1 drivers
v0x13b3030_0 .net *"_s138", 0 0, L_0x1401e80; 1 drivers
v0x13b2f10_0 .net *"_s140", 4 0, L_0x14018f0; 1 drivers
v0x13b3160_0 .net *"_s143", 0 0, C4<0>; 1 drivers
v0x13b30b0_0 .net *"_s144", 4 0, C4<01000>; 1 drivers
v0x13b32a0_0 .net *"_s146", 0 0, L_0x1401530; 1 drivers
v0x13b3200_0 .net *"_s148", 0 0, L_0x1402820; 1 drivers
v0x13b33f0_0 .net *"_s15", 0 0, C4<0>; 1 drivers
v0x13b3340_0 .net *"_s150", 0 0, L_0x14029a0; 1 drivers
v0x13b3550_0 .net *"_s152", 0 0, L_0x1401a20; 1 drivers
v0x13b3490_0 .net *"_s16", 4 0, C4<00000>; 1 drivers
v0x13b36c0_0 .net *"_s18", 0 0, L_0x13fe8e0; 1 drivers
v0x13b35d0_0 .net *"_s20", 4 0, L_0x13fea70; 1 drivers
v0x13b3840_0 .net *"_s23", 0 0, C4<0>; 1 drivers
v0x13b3740_0 .net *"_s24", 4 0, C4<00001>; 1 drivers
v0x13b39d0_0 .net *"_s26", 0 0, L_0x13feb60; 1 drivers
v0x13b38c0_0 .net *"_s28", 0 0, L_0x13fed00; 1 drivers
v0x13b3b70_0 .net *"_s30", 4 0, L_0x13fedb0; 1 drivers
v0x13b3a50_0 .net *"_s33", 0 0, C4<0>; 1 drivers
v0x13b3af0_0 .net *"_s34", 4 0, C4<00010>; 1 drivers
v0x13b3d30_0 .net *"_s36", 0 0, L_0x13feee0; 1 drivers
v0x13b3db0_0 .net *"_s38", 0 0, L_0x13feca0; 1 drivers
v0x13b3bf0_0 .net *"_s40", 4 0, L_0x13ffc20; 1 drivers
v0x13b3c90_0 .net *"_s43", 0 0, C4<0>; 1 drivers
v0x13b3f90_0 .net *"_s44", 4 0, C4<00011>; 1 drivers
v0x13b4010_0 .net *"_s46", 0 0, L_0x13ff3b0; 1 drivers
v0x13b3e30_0 .net *"_s48", 0 0, L_0x13ff570; 1 drivers
v0x13b3ed0_0 .net *"_s50", 4 0, L_0x13ff670; 1 drivers
v0x13b4210_0 .net *"_s53", 0 0, C4<0>; 1 drivers
v0x13b4290_0 .net *"_s54", 4 0, C4<00100>; 1 drivers
v0x13b40b0_0 .net *"_s56", 0 0, L_0x13ff7a0; 1 drivers
v0x13b4150_0 .net *"_s60", 4 0, L_0x13ffa20; 1 drivers
v0x13b44b0_0 .net *"_s63", 0 0, C4<0>; 1 drivers
v0x13b4530_0 .net *"_s64", 4 0, C4<00101>; 1 drivers
v0x13b4330_0 .net *"_s66", 0 0, L_0x14004e0; 1 drivers
v0x13b43d0_0 .net *"_s68", 4 0, L_0x1400670; 1 drivers
v0x13b4770_0 .net *"_s71", 0 0, C4<0>; 1 drivers
v0x13b47f0_0 .net *"_s72", 4 0, C4<00110>; 1 drivers
v0x13b45b0_0 .net *"_s74", 0 0, L_0x13ffd50; 1 drivers
v0x13b4650_0 .net *"_s76", 0 0, L_0x13fee50; 1 drivers
v0x13b46f0_0 .net *"_s78", 4 0, L_0x13fff40; 1 drivers
v0x13b4a70_0 .net *"_s81", 0 0, C4<0>; 1 drivers
v0x13b4890_0 .net *"_s82", 4 0, C4<00111>; 1 drivers
v0x13b4930_0 .net *"_s84", 0 0, L_0x14000b0; 1 drivers
v0x13b49d0_0 .net *"_s86", 0 0, L_0x13ffe90; 1 drivers
v0x13b4d10_0 .net *"_s88", 4 0, L_0x1400340; 1 drivers
v0x13b4b10_0 .net *"_s91", 0 0, C4<0>; 1 drivers
v0x13b4bb0_0 .net *"_s92", 4 0, C4<01000>; 1 drivers
v0x13b4c50_0 .net *"_s94", 0 0, L_0x1400fe0; 1 drivers
v0x13b4fb0_0 .net *"_s98", 4 0, L_0x1401240; 1 drivers
v0x13b4db0_0 .alias "clk", 0 0, v0x13db720_0;
v0x13b4e50_0 .var "curr_instr", 15 0;
v0x13b4ef0_0 .net "curr_opcode", 3 0, L_0x13fe380; 1 drivers
v0x13b5270_0 .net "curr_src1", 3 0, L_0x13fe420; 1 drivers
v0x13b5030_0 .net "curr_src2", 3 0, L_0x13fe4c0; 1 drivers
v0x13b50d0_0 .net "curr_src_sw", 3 0, L_0x13ff010; 1 drivers
v0x13b5170_0 .net "hazard", 0 0, L_0x1402bc0; 1 drivers
v0x13b5550_0 .alias "instr", 15 0, v0x13dc330_0;
v0x13b52f0_0 .var "next_state", 1 0;
v0x13b5390_0 .net "one_source", 0 0, L_0x14001f0; 1 drivers
v0x13b5430_0 .net "prev_dest", 3 0, L_0x13ff1e0; 1 drivers
v0x13b54d0_0 .var "prev_instr", 15 0;
v0x13b5860_0 .net "prev_opcode", 3 0, L_0x13ff140; 1 drivers
v0x13b58e0_0 .alias "rst_n", 0 0, v0x13dcb90_0;
v0x13b55f0_0 .var "stall", 0 0;
v0x13b5690_0 .var "state", 1 0;
v0x13b5730_0 .net "store_source", 0 0, L_0x1400820; 1 drivers
v0x13b57d0_0 .net "two_sources", 0 0, L_0x13ff920; 1 drivers
E_0x1350020 .event edge, v0x13b5170_0, v0x13b5690_0;
E_0x1311cf0/0 .event negedge, v0x13b58e0_0;
E_0x1311cf0/1 .event posedge, v0x13b4db0_0;
E_0x1311cf0 .event/or E_0x1311cf0/0, E_0x1311cf0/1;
L_0x13fe380 .part v0x13b4e50_0, 12, 4;
L_0x13fe420 .part v0x13b4e50_0, 4, 4;
L_0x13fe4c0 .part v0x13b4e50_0, 0, 4;
L_0x13ff010 .part v0x13b4e50_0, 8, 4;
L_0x13ff140 .part v0x13b54d0_0, 12, 4;
L_0x13ff1e0 .part v0x13b54d0_0, 8, 4;
L_0x13ff280 .concat [ 4 1 0 0], L_0x13fe380, C4<0>;
L_0x13fe8e0 .cmp/eq 5, L_0x13ff280, C4<00000>;
L_0x13fea70 .concat [ 4 1 0 0], L_0x13fe380, C4<0>;
L_0x13feb60 .cmp/eq 5, L_0x13fea70, C4<00001>;
L_0x13fedb0 .concat [ 4 1 0 0], L_0x13fe380, C4<0>;
L_0x13feee0 .cmp/eq 5, L_0x13fedb0, C4<00010>;
L_0x13ffc20 .concat [ 4 1 0 0], L_0x13fe380, C4<0>;
L_0x13ff3b0 .cmp/eq 5, L_0x13ffc20, C4<00011>;
L_0x13ff670 .concat [ 4 1 0 0], L_0x13fe380, C4<0>;
L_0x13ff7a0 .cmp/eq 5, L_0x13ff670, C4<00100>;
L_0x13ffa20 .concat [ 4 1 0 0], L_0x13fe380, C4<0>;
L_0x14004e0 .cmp/eq 5, L_0x13ffa20, C4<00101>;
L_0x1400670 .concat [ 4 1 0 0], L_0x13fe380, C4<0>;
L_0x13ffd50 .cmp/eq 5, L_0x1400670, C4<00110>;
L_0x13fff40 .concat [ 4 1 0 0], L_0x13fe380, C4<0>;
L_0x14000b0 .cmp/eq 5, L_0x13fff40, C4<00111>;
L_0x1400340 .concat [ 4 1 0 0], L_0x13fe380, C4<0>;
L_0x1400fe0 .cmp/eq 5, L_0x1400340, C4<01000>;
L_0x1401240 .concat [ 4 1 0 0], L_0x13fe380, C4<0>;
L_0x1400820 .cmp/eq 5, L_0x1401240, C4<01001>;
L_0x1401120 .concat [ 4 1 0 0], L_0x13ff140, C4<0>;
L_0x1400b60 .cmp/eq 5, L_0x1401120, C4<01000>;
L_0x1400e30 .cmp/eq 4, L_0x13ff1e0, L_0x13fe420;
L_0x1401b90 .cmp/eq 4, L_0x13ff1e0, L_0x13fe4c0;
L_0x1401ee0 .concat [ 4 1 0 0], L_0x13ff140, C4<0>;
L_0x14013b0 .cmp/eq 5, L_0x1401ee0, C4<01000>;
L_0x1401600 .cmp/eq 4, L_0x13ff1e0, L_0x13fe420;
L_0x14018f0 .concat [ 4 1 0 0], L_0x13ff140, C4<0>;
L_0x1401530 .cmp/eq 5, L_0x14018f0, C4<01000>;
L_0x14029a0 .cmp/eq 4, L_0x13ff1e0, L_0x13ff010;
    .scope S_0x13d9ec0;
T_0 ;
    %wait E_0x13d4830;
    %load/v 8, v0x13da030_0, 1;
    %inv 8, 1;
    %load/v 9, v0x13da1b0_0, 1;
    %and 8, 9, 1;
    %jmp/0xz  T_0.0, 8;
    %ix/getv 3, v0x13d9fb0_0;
    %load/av 8, v0x13da130, 16;
    %ix/load 0, 16, 0;
    %assign/v0 v0x13da0b0_0, 0, 8;
T_0.0 ;
    %jmp T_0;
    .thread T_0, $push;
    .scope S_0x13d9ec0;
T_1 ;
    %vpi_call 5 19 "$readmemh", "Debug/instr.hex", v0x13da130;
    %end;
    .thread T_1;
    .scope S_0x13d9690;
T_2 ;
    %wait E_0x1311cf0;
    %load/v 8, v0x13d9d30_0, 1;
    %inv 8, 1;
    %jmp/0xz  T_2.0, 8;
    %ix/load 0, 16, 0;
    %assign/v0 v0x13d9ba0_0, 0, 0;
    %jmp T_2.1;
T_2.0 ;
    %load/v 8, v0x13d9c90_0, 16;
    %ix/load 0, 16, 0;
    %assign/v0 v0x13d9ba0_0, 0, 8;
T_2.1 ;
    %jmp T_2;
    .thread T_2;
    .scope S_0x13d9020;
T_3 ;
    %wait E_0x13d48e0;
    %load/v 8, v0x13d9410_0, 1;
    %inv 8, 1;
    %jmp/0xz  T_3.0, 8;
    %ix/load 0, 16, 0;
    %assign/v0 v0x13d9110_0, 0, 0;
    %ix/load 0, 16, 0;
    %assign/v0 v0x13d9310_0, 0, 0;
    %jmp T_3.1;
T_3.0 ;
    %load/v 8, v0x13d9210_0, 16;
    %ix/load 0, 16, 0;
    %assign/v0 v0x13d9110_0, 0, 8;
    %load/v 8, v0x13d9290_0, 16;
    %ix/load 0, 16, 0;
    %assign/v0 v0x13d9310_0, 0, 8;
T_3.1 ;
    %jmp T_3;
    .thread T_3;
    .scope S_0x13ca920;
T_4 ;
   %ix/load 1, 0, 0;
   %ix/load 3, 0, 0;
   %set/av v0x13cae30, 0, 16;
    %vpi_call 10 35 "$readmemh", "Debug/rfinit.txt", v0x13cae30;
    %end;
    .thread T_4;
    .scope S_0x13ca920;
T_5 ;
    %wait E_0x13caaa0;
    %load/v 8, v0x13cab30_0, 1;
    %load/v 9, v0x13cb2f0_0, 1;
    %and 8, 9, 1;
    %load/v 9, v0x13cac80_0, 4;
    %or/r 9, 9, 4;
    %and 8, 9, 1;
    %jmp/0xz  T_5.0, 8;
    %load/v 8, v0x13cabb0_0, 16;
    %ix/getv 3, v0x13cac80_0;
    %jmp/1 t_0, 4;
    %ix/load 0, 16, 0; word width
    %ix/load 1, 0, 0; part off
    %assign/av v0x13cae30, 0, 8;
t_0 ;
T_5.0 ;
    %jmp T_5;
    .thread T_5, $push;
    .scope S_0x13ca920;
T_6 ;
    %wait E_0x13caa50;
    %load/v 8, v0x13cab30_0, 1;
    %inv 8, 1;
    %load/v 9, v0x13cb1d0_0, 1;
    %and 8, 9, 1;
    %jmp/0xz  T_6.0, 8;
    %ix/getv 3, v0x13caf70_0;
    %load/av 8, v0x13cae30, 16;
    %ix/load 0, 16, 0;
    %assign/v0 v0x13caef0_0, 0, 8;
T_6.0 ;
    %jmp T_6;
    .thread T_6, $push;
    .scope S_0x13ca920;
T_7 ;
    %wait E_0x13b8710;
    %load/v 8, v0x13cab30_0, 1;
    %inv 8, 1;
    %load/v 9, v0x13cb250_0, 1;
    %and 8, 9, 1;
    %jmp/0xz  T_7.0, 8;
    %ix/getv 3, v0x13cb0f0_0;
    %load/av 8, v0x13cae30, 16;
    %ix/load 0, 16, 0;
    %assign/v0 v0x13cb040_0, 0, 8;
T_7.0 ;
    %jmp T_7;
    .thread T_7, $push;
    .scope S_0x13ca920;
T_8 ;
    %wait E_0x13ca4d0;
    %movi 8, 1, 32;
    %set/v v0x13cadb0_0, 8, 32;
T_8.0 ;
    %load/v 8, v0x13cadb0_0, 32;
   %cmpi/s 8, 16, 32;
    %jmp/0xz T_8.1, 5;
    %vpi_call 10 80 "$display", "R%1h = %h", v0x13cadb0_0, &A<v0x13cae30, v0x13cadb0_0 >;
    %ix/load 0, 1, 0;
    %load/vp0/s 8, v0x13cadb0_0, 32;
    %set/v v0x13cadb0_0, 8, 32;
    %jmp T_8.0;
T_8.1 ;
    %jmp T_8;
    .thread T_8;
    .scope S_0x13c8ab0;
T_9 ;
    %wait E_0x1311cf0;
    %load/v 8, v0x13c9ee0_0, 1;
    %inv 8, 1;
    %jmp/0xz  T_9.0, 8;
    %ix/load 0, 16, 0;
    %assign/v0 v0x13c9b10_0, 0, 0;
    %ix/load 0, 16, 0;
    %assign/v0 v0x13c9c70_0, 0, 0;
    %ix/load 0, 8, 0;
    %assign/v0 v0x13c8fb0_0, 0, 0;
    %ix/load 0, 4, 0;
    %assign/v0 v0x13ca100_0, 0, 0;
    %ix/load 0, 3, 0;
    %assign/v0 v0x13c8db0_0, 0, 0;
    %ix/load 0, 1, 0;
    %assign/v0 v0x13ca430_0, 0, 0;
    %ix/load 0, 1, 0;
    %assign/v0 v0x13ca580_0, 0, 0;
    %ix/load 0, 1, 0;
    %assign/v0 v0x13c9f60_0, 0, 0;
    %ix/load 0, 1, 0;
    %assign/v0 v0x13ca2a0_0, 0, 0;
    %ix/load 0, 4, 0;
    %assign/v0 v0x13ba2e0_0, 0, 0;
    %ix/load 0, 1, 0;
    %assign/v0 v0x13c9fe0_0, 0, 0;
    %ix/load 0, 16, 0;
    %assign/v0 v0x13c9100_0, 0, 0;
    %ix/load 0, 16, 0;
    %assign/v0 v0x13c9de0_0, 0, 0;
    %ix/load 0, 1, 0;
    %assign/v0 v0x13c8eb0_0, 0, 0;
    %jmp T_9.1;
T_9.0 ;
    %load/v 8, v0x13c9420_0, 16;
    %ix/load 0, 16, 0;
    %assign/v0 v0x13c9b10_0, 0, 8;
    %load/v 8, v0x13c9630_0, 16;
    %ix/load 0, 16, 0;
    %assign/v0 v0x13c9c70_0, 0, 8;
    %load/v 8, v0x13c94a0_0, 8;
    %ix/load 0, 8, 0;
    %assign/v0 v0x13c8fb0_0, 0, 8;
    %load/v 8, v0x13c96b0_0, 4;
    %ix/load 0, 4, 0;
    %assign/v0 v0x13ca100_0, 0, 8;
    %load/v 8, v0x13c9320_0, 3;
    %ix/load 0, 3, 0;
    %assign/v0 v0x13c8db0_0, 0, 8;
    %load/v 8, v0x13c9920_0, 1;
    %ix/load 0, 1, 0;
    %assign/v0 v0x13ca430_0, 0, 8;
    %load/v 8, v0x13c99c0_0, 1;
    %ix/load 0, 1, 0;
    %assign/v0 v0x13ca580_0, 0, 8;
    %load/v 8, v0x13c9750_0, 1;
    %ix/load 0, 1, 0;
    %assign/v0 v0x13c9f60_0, 0, 8;
    %load/v 8, v0x13c97d0_0, 1;
    %ix/load 0, 1, 0;
    %assign/v0 v0x13ca2a0_0, 0, 8;
    %load/v 8, v0x13c92a0_0, 4;
    %ix/load 0, 4, 0;
    %assign/v0 v0x13ba2e0_0, 0, 8;
    %load/v 8, v0x13c9880_0, 1;
    %ix/load 0, 1, 0;
    %assign/v0 v0x13c9fe0_0, 0, 8;
    %load/v 8, v0x13c9520_0, 16;
    %ix/load 0, 16, 0;
    %assign/v0 v0x13c9100_0, 0, 8;
    %load/v 8, v0x13c95a0_0, 16;
    %ix/load 0, 16, 0;
    %assign/v0 v0x13c9de0_0, 0, 8;
    %load/v 8, v0x13c93a0_0, 1;
    %ix/load 0, 1, 0;
    %assign/v0 v0x13c8eb0_0, 0, 8;
T_9.1 ;
    %jmp T_9;
    .thread T_9;
    .scope S_0x13c06c0;
T_10 ;
    %wait E_0x1311cf0;
    %load/v 8, v0x13c6200_0, 1;
    %inv 8, 1;
    %jmp/0xz  T_10.0, 8;
    %ix/load 0, 1, 0;
    %assign/v0 v0x13c0be0_0, 0, 0;
    %ix/load 0, 1, 0;
    %assign/v0 v0x13c0d10_0, 0, 0;
    %ix/load 0, 1, 0;
    %assign/v0 v0x13c0c60_0, 0, 0;
    %jmp T_10.1;
T_10.0 ;
    %load/v 8, v0x13c6180_0, 1;
    %load/v 9, v0x13c6200_0, 1;
    %and 8, 9, 1;
    %jmp/0xz  T_10.2, 8;
    %load/v 8, v0x13c0be0_0, 1;
    %ix/load 0, 1, 0;
    %assign/v0 v0x13c0be0_0, 0, 8;
    %load/v 8, v0x13c0d10_0, 1;
    %ix/load 0, 1, 0;
    %assign/v0 v0x13c0d10_0, 0, 8;
    %load/v 8, v0x13c0c60_0, 1;
    %ix/load 0, 1, 0;
    %assign/v0 v0x13c0c60_0, 0, 8;
    %jmp T_10.3;
T_10.2 ;
    %load/v 8, v0x13c63c0_0, 1;
    %ix/load 0, 1, 0;
    %assign/v0 v0x13c0be0_0, 0, 8;
    %load/v 8, v0x13c6580_0, 1;
    %ix/load 0, 1, 0;
    %assign/v0 v0x13c0d10_0, 0, 8;
    %load/v 8, v0x13c5fa0_0, 1;
    %ix/load 0, 1, 0;
    %assign/v0 v0x13c0c60_0, 0, 8;
T_10.3 ;
T_10.1 ;
    %jmp T_10;
    .thread T_10;
    .scope S_0x13ba610;
T_11 ;
    %wait E_0x1311cf0;
    %load/v 8, v0x13bb9f0_0, 1;
    %inv 8, 1;
    %jmp/0xz  T_11.0, 8;
    %ix/load 0, 16, 0;
    %assign/v0 v0x13bab30_0, 0, 0;
    %ix/load 0, 1, 0;
    %assign/v0 v0x13bbd80_0, 0, 0;
    %ix/load 0, 1, 0;
    %assign/v0 v0x13bbeb0_0, 0, 0;
    %ix/load 0, 1, 0;
    %assign/v0 v0x13bb7c0_0, 0, 0;
    %ix/load 0, 1, 0;
    %assign/v0 v0x13bbbf0_0, 0, 0;
    %ix/load 0, 4, 0;
    %assign/v0 v0x13bae40_0, 0, 0;
    %ix/load 0, 16, 0;
    %assign/v0 v0x13bbb70_0, 0, 0;
    %ix/load 0, 1, 0;
    %assign/v0 v0x13ba780_0, 0, 0;
    %ix/load 0, 1, 0;
    %assign/v0 v0x13ba9b0_0, 0, 0;
    %ix/load 0, 1, 0;
    %assign/v0 v0x13ba880_0, 0, 0;
    %ix/load 0, 1, 0;
    %assign/v0 v0x13bac80_0, 0, 0;
    %ix/load 0, 1, 0;
    %assign/v0 v0x13bafe0_0, 0, 0;
    %jmp T_11.1;
T_11.0 ;
    %load/v 8, v0x13bb2e0_0, 16;
    %ix/load 0, 16, 0;
    %assign/v0 v0x13bab30_0, 0, 8;
    %load/v 8, v0x13bb670_0, 1;
    %ix/load 0, 1, 0;
    %assign/v0 v0x13bbd80_0, 0, 8;
    %load/v 8, v0x13bb720_0, 1;
    %ix/load 0, 1, 0;
    %assign/v0 v0x13bbeb0_0, 0, 8;
    %load/v 8, v0x13bb3e0_0, 1;
    %ix/load 0, 1, 0;
    %assign/v0 v0x13bb7c0_0, 0, 8;
    %load/v 8, v0x13bb530_0, 1;
    %ix/load 0, 1, 0;
    %assign/v0 v0x13bbbf0_0, 0, 8;
    %load/v 8, v0x13bb240_0, 4;
    %ix/load 0, 4, 0;
    %assign/v0 v0x13bae40_0, 0, 8;
    %load/v 8, v0x13bb5d0_0, 16;
    %ix/load 0, 16, 0;
    %assign/v0 v0x13bbb70_0, 0, 8;
    %load/v 8, v0x13bb090_0, 1;
    %ix/load 0, 1, 0;
    %assign/v0 v0x13ba780_0, 0, 8;
    %load/v 8, v0x13bb1c0_0, 1;
    %ix/load 0, 1, 0;
    %assign/v0 v0x13ba9b0_0, 0, 8;
    %load/v 8, v0x13baf40_0, 1;
    %ix/load 0, 1, 0;
    %assign/v0 v0x13ba880_0, 0, 8;
    %load/v 8, v0x13bb360_0, 1;
    %ix/load 0, 1, 0;
    %assign/v0 v0x13bac80_0, 0, 8;
    %load/v 8, v0x13bb490_0, 1;
    %ix/load 0, 1, 0;
    %assign/v0 v0x13bafe0_0, 0, 8;
T_11.1 ;
    %jmp T_11;
    .thread T_11;
    .scope S_0x13b9cf0;
T_12 ;
    %wait E_0x13b6530;
    %load/v 8, v0x13b9ea0_0, 1;
    %inv 8, 1;
    %load/v 9, v0x13ba020_0, 1;
    %and 8, 9, 1;
    %load/v 9, v0x13ba0a0_0, 1;
    %inv 9, 1;
    %and 8, 9, 1;
    %jmp/0xz  T_12.0, 8;
    %ix/getv 3, v0x13b9de0_0;
    %load/av 8, v0x13b9f20, 16;
    %ix/load 0, 16, 0;
    %assign/v0 v0x13b9fa0_0, 0, 8;
T_12.0 ;
    %jmp T_12;
    .thread T_12, $push;
    .scope S_0x13b9cf0;
T_13 ;
    %wait E_0x13b88f0;
    %load/v 8, v0x13ba0a0_0, 1;
    %load/v 9, v0x13ba020_0, 1;
    %inv 9, 1;
    %and 8, 9, 1;
    %jmp/0xz  T_13.0, 8;
    %load/v 8, v0x13ba120_0, 16;
    %ix/getv 3, v0x13b9de0_0;
    %jmp/1 t_1, 4;
    %ix/load 0, 16, 0; word width
    %ix/load 1, 0, 0; part off
    %assign/av v0x13b9f20, 0, 8;
t_1 ;
T_13.0 ;
    %jmp T_13;
    .thread T_13;
    .scope S_0x13b8cf0;
T_14 ;
    %wait E_0x1311cf0;
    %load/v 8, v0x13b97b0_0, 1;
    %inv 8, 1;
    %jmp/0xz  T_14.0, 8;
    %ix/load 0, 16, 0;
    %assign/v0 v0x13b9350_0, 0, 0;
    %ix/load 0, 16, 0;
    %assign/v0 v0x13b8e60_0, 0, 0;
    %ix/load 0, 1, 0;
    %assign/v0 v0x13b9960_0, 0, 0;
    %ix/load 0, 1, 0;
    %assign/v0 v0x13b9a00_0, 0, 0;
    %ix/load 0, 4, 0;
    %assign/v0 v0x13b90b0_0, 0, 0;
    %ix/load 0, 1, 0;
    %assign/v0 v0x13b9200_0, 0, 0;
    %jmp T_14.1;
T_14.0 ;
    %load/v 8, v0x13b9550_0, 16;
    %ix/load 0, 16, 0;
    %assign/v0 v0x13b9350_0, 0, 8;
    %load/v 8, v0x13b93d0_0, 16;
    %ix/load 0, 16, 0;
    %assign/v0 v0x13b8e60_0, 0, 8;
    %load/v 8, v0x13b9710_0, 1;
    %ix/load 0, 1, 0;
    %assign/v0 v0x13b9960_0, 0, 8;
    %load/v 8, v0x13b95f0_0, 1;
    %ix/load 0, 1, 0;
    %assign/v0 v0x13b9a00_0, 0, 8;
    %load/v 8, v0x13b9450_0, 4;
    %ix/load 0, 4, 0;
    %assign/v0 v0x13b90b0_0, 0, 8;
    %load/v 8, v0x13b94d0_0, 1;
    %ix/load 0, 1, 0;
    %assign/v0 v0x13b9200_0, 0, 8;
T_14.1 ;
    %jmp T_14;
    .thread T_14;
    .scope S_0x136dcc0;
T_15 ;
    %wait E_0x1311cf0;
    %load/v 8, v0x13b58e0_0, 1;
    %inv 8, 1;
    %jmp/0xz  T_15.0, 8;
    %ix/load 0, 16, 0;
    %assign/v0 v0x13b4e50_0, 0, 0;
    %ix/load 0, 16, 0;
    %assign/v0 v0x13b54d0_0, 0, 0;
    %jmp T_15.1;
T_15.0 ;
    %load/v 8, v0x13b5550_0, 16;
    %ix/load 0, 16, 0;
    %assign/v0 v0x13b4e50_0, 0, 8;
    %load/v 8, v0x13b4e50_0, 16;
    %ix/load 0, 16, 0;
    %assign/v0 v0x13b54d0_0, 0, 8;
T_15.1 ;
    %jmp T_15;
    .thread T_15;
    .scope S_0x136dcc0;
T_16 ;
    %wait E_0x1311cf0;
    %load/v 8, v0x13b58e0_0, 1;
    %inv 8, 1;
    %jmp/0xz  T_16.0, 8;
    %ix/load 0, 2, 0;
    %assign/v0 v0x13b5690_0, 0, 0;
    %jmp T_16.1;
T_16.0 ;
    %load/v 8, v0x13b52f0_0, 2;
    %ix/load 0, 2, 0;
    %assign/v0 v0x13b5690_0, 0, 8;
T_16.1 ;
    %jmp T_16;
    .thread T_16;
    .scope S_0x136dcc0;
T_17 ;
    %wait E_0x1350020;
    %set/v v0x13b52f0_0, 0, 2;
    %set/v v0x13b55f0_0, 0, 1;
    %load/v 8, v0x13b5690_0, 2;
    %cmpi/u 8, 0, 2;
    %jmp/1 T_17.0, 6;
    %cmpi/u 8, 1, 2;
    %jmp/1 T_17.1, 6;
    %cmpi/u 8, 2, 2;
    %jmp/1 T_17.2, 6;
    %set/v v0x13b52f0_0, 0, 2;
    %set/v v0x13b55f0_0, 0, 1;
    %jmp T_17.4;
T_17.0 ;
    %movi 8, 1, 2;
    %set/v v0x13b52f0_0, 8, 2;
    %set/v v0x13b55f0_0, 0, 1;
    %jmp T_17.4;
T_17.1 ;
    %load/v 8, v0x13b5170_0, 1;
    %inv 8, 1;
    %jmp/0xz  T_17.5, 8;
    %movi 8, 1, 2;
    %set/v v0x13b52f0_0, 8, 2;
    %set/v v0x13b55f0_0, 0, 1;
    %jmp T_17.6;
T_17.5 ;
    %load/v 8, v0x13b5170_0, 1;
    %jmp/0xz  T_17.7, 8;
    %movi 8, 2, 2;
    %set/v v0x13b52f0_0, 8, 2;
    %set/v v0x13b55f0_0, 1, 1;
    %jmp T_17.8;
T_17.7 ;
    %set/v v0x13b52f0_0, 0, 2;
    %set/v v0x13b55f0_0, 0, 1;
T_17.8 ;
T_17.6 ;
    %jmp T_17.4;
T_17.2 ;
    %movi 8, 1, 2;
    %set/v v0x13b52f0_0, 8, 2;
    %set/v v0x13b55f0_0, 0, 1;
    %jmp T_17.4;
T_17.4 ;
    %jmp T_17;
    .thread T_17, $push;
    .scope S_0x1312080;
T_18 ;
    %vpi_call 2 22 "$dumpfile", "Debug/cpu_dump.vcd";
    %vpi_call 2 23 "$dumpvars", 1'sb0, S_0x1312080;
    %set/v v0x13de0f0_0, 0, 1;
    %set/v v0x13c8ca0_0, 0, 1;
    %delay 5, 0;
    %set/v v0x13c8ca0_0, 1, 1;
    %delay 1000, 0;
    %vpi_call 2 30 "$finish";
    %end;
    .thread T_18;
    .scope S_0x1312080;
T_19 ;
    %delay 5, 0;
    %load/v 8, v0x13de0f0_0, 1;
    %inv 8, 1;
    %set/v v0x13de0f0_0, 8, 1;
    %jmp T_19;
    .thread T_19;
# The file index is used to find the file name in the following table.
:file_names 26;
    "N/A";
    "<interactive>";
    "cpu_tb.v";
    "cpu.v";
    "IF.v";
    "instr_mem.v";
    "PC.v";
    "IF_ID_flipflop.v";
    "ID.v";
    "instr_decode.v";
    "rf_pipelined.v";
    "ID_EX_flipflop.v";
    "EX.v";
    "src_mux.v";
    "alu.v";
    "br_pc_calc.v";
    "br_ctrl.v";
    "EX_MEM_flipflop.v";
    "MEM.v";
    "data_mem.v";
    "MEM_WB_flipflop.v";
    "WB.v";
    "FCU.v";
    "forwarding_logic.v";
    "HDU.v";
    "stall_logic.v";
